09/06/23 12:54:25,929 INFO  [@init servlet   ] [BaseUrlEntityListener         ] [@] New Base url [http://localhost:8080] propagated to bundle
 09/06/23 12:54:26,040 INFO  [@init servlet   ] [RingConfigImpl                ] [@] Hub integration is enabled
 09/06/23 12:54:26,363 INFO  [@init servlet   ] [RingConfigImpl                ] [@] Establishing connection to Hub. Attempt 1 of 3. Result: Active and working
 09/06/23 12:54:26,381 INFO  [@init servlet   ] [RingConfigImpl                ] [@] Hub connection: Active and working
 09/06/23 12:54:26,392 INFO  [@init servlet   ] [HubRemoteApiFactory           ] [@] Initializing Hub Remote Api...
 09/06/23 12:54:26,523 INFO  [@init servlet   ] [HubRemoteApiFactory           ] [@] Syncing Hub events...
 09/06/23 12:54:26,955 INFO  [@init servlet   ] [HubRemoteApiFactory           ] [@] Setting up Hub event listeners...
 09/06/23 12:54:26,964 INFO  [@init servlet   ] [HubRemoteApiFactory           ] [@] Hub event listeners up and running
 09/06/23 12:54:26,971 INFO  [@init servlet   ] [HubRemoteApiFactory           ] [@] Hub Remote Api initialized
 09/06/23 12:54:26,986 INFO  [@init servlet   ] [IncrementalExporter           ] [@] Exporting service data...
 09/06/23 12:54:27,386 INFO  [@init servlet   ] [IncrementalExporter           ] [@] Exporting license, locale, logo info...
 09/06/23 12:54:27,458 INFO  [@init servlet   ] [SuccessExportResult           ] [@] Application metadata synchronized with Hub
 09/06/23 12:54:27,459 INFO  [@init servlet   ] [IncrementalExporter           ] [@] Exporting notification config (e-mail & jabber settings)...
 09/06/23 12:54:27,511 INFO  [@init servlet   ] [SuccessExportResult           ] [@] Notification config synced with Hub
 09/06/23 12:54:27,512 INFO  [@init servlet   ] [IncrementalExporter           ] [@] Exporting trusted certificates...
 09/06/23 12:54:27,515 INFO  [@init servlet   ] [IncrementalExporter           ] [@] Exporting organizations...
 09/06/23 12:54:27,516 INFO  [@init servlet   ] [IncrementalExporter           ] [@] Exporting projects...
 09/06/23 12:54:27,527 INFO  [@init servlet   ] [IncrementalExporter           ] [@] Exporting permissions...
 09/06/23 12:54:28,104 INFO  [@init servlet   ] [IncrementalExporter           ] [@] Exporting default roles...
 09/06/23 12:54:28,223 INFO  [@init servlet   ] [IncrementalExporter           ] [@] Exporting roles...
 09/06/23 12:54:28,264 INFO  [@init servlet   ] [SuccessExportResult           ] [@] Role System Admin linked with Hub
 09/06/23 12:54:28,286 INFO  [@init servlet   ] [SuccessExportResult           ] [@] Role Reporter exported into Hub
 09/06/23 12:54:28,309 INFO  [@init servlet   ] [SuccessExportResult           ] [@] Role Contributor linked with Hub
 09/06/23 12:54:28,327 INFO  [@init servlet   ] [SuccessExportResult           ] [@] Role Issue Reader exported into Hub
 09/06/23 12:54:28,349 INFO  [@init servlet   ] [SuccessExportResult           ] [@] Role Project Admin linked with Hub
 09/06/23 12:54:28,350 INFO  [@init servlet   ] [IncrementalExporter           ] [@] Exporting user groups...
 09/06/23 12:54:29,287 INFO  [@init servlet   ] [SuccessExportResult           ] [@] User group All Users linked to Hub user group All Users
 09/06/23 12:54:29,340 WARN  [@init servlet   ] [LoggingRequestsFilter         ] [@] POST http://127.0.0.1:8080/hub/api/rest/usergroups 409 Conflict
 09/06/23 12:54:29,382 INFO  [@init servlet   ] [SuccessExportResult           ] [@] User group Registered Users linked to Hub user group Registered Users
 09/06/23 12:54:29,385 INFO  [@init servlet   ] [IncrementalExporter           ] [@] Exporting user accounts...
 09/06/23 12:54:29,442 WARN  [@init servlet   ] [LoggingRequestsFilter         ] [@] POST http://127.0.0.1:8080/hub/api/rest/users 409 Conflict
 09/06/23 12:54:29,490 INFO  [@init servlet   ] [SuccessExportResult           ] [@] User guest linked with an existing Hub user
 09/06/23 12:54:29,514 WARN  [@init servlet   ] [LoggingRequestsFilter         ] [@] POST http://127.0.0.1:8080/hub/api/rest/users 409 Conflict
 09/06/23 12:54:29,588 INFO  [@init servlet   ] [SuccessExportResult           ] [@] User admin linked with an existing Hub user
 09/06/23 12:54:29,971 INFO  [@init servlet   ] [PermissionsCacheData          ] [@] Custom field permission cache for 2 users (2 handlers) built in 337 ms
 09/06/23 12:54:29,972 INFO  [@init servlet   ] [CustomFieldsPermissionsCache  ] [@] Custom field permission cache initialized
 09/06/23 12:54:30,201 INFO  [@init servlet   ] [BackupLocationEntityListener  ] [@] New backup location [/opt/youtrack/backups] propagated to bundle
 09/06/23 12:54:31,884 INFO  [@init servlet   ] [ProjectHubSyncAdapter         ] [admin@] Project Demo project (DEMO) exported as Hub resource 'Demo project' with UUID 95f1bddc-cf69-46f0-8112-305345ab1b03
 09/06/23 12:54:32,102 INFO  [@init servlet   ] [SuccessExportResult           ] [admin@] Demo project (DEMO) exported into Hub
 09/06/23 12:54:34,305 INFO  [@tzJobProcessor3] [PermissionsCacheData          ] [@] Custom field permission cache for 2 users (2 handlers) built in 9 ms
 