09/06/23 12:54:26,895 INFO  [@init servlet   ] [RemoteDAO                     ] [@] Fetch item field "archived" of item [0]
 09/06/23 12:54:26,935 INFO  [@init servlet   ] [RemoteDAO                     ] [@] Fetch item field "global" of item [5456b610-8abd-4396-8eaa-672d857dfff1]
 09/06/23 12:54:26,946 INFO  [@init servlet   ] [RemoteDAO                     ] [@] Fetch item field "global" of item [36eb149f-9825-41ce-b126-22138e85c367]
 09/06/23 12:54:26,987 INFO  [@init servlet   ] [RemoteDAO                     ] [@] Fetch item field "redirectUris" of item [0-0-0-0-0]
 09/06/23 12:54:27,264 INFO  [@init servlet   ] [RemoteDAO                     ] [@] Fetch item field "baseUrls" of item [62486447-3c0d-4800-b702-b32af8a58705]
 09/06/23 12:54:27,323 INFO  [@init servlet   ] [RemoteDAO                     ] [@] Fetch item field "changes" of item [16]
 09/06/23 12:54:27,338 INFO  [@init servlet   ] [RemoteDAO                     ] [@] Fetch item field "changes" of item [21]
 09/06/23 12:54:27,352 INFO  [@init servlet   ] [RemoteDAO                     ] [@] Fetch item field "changes" of item [22]
 09/06/23 12:54:27,388 INFO  [@init servlet   ] [RemoteDAO                     ] [@] Fetch item field "databaseReadonly" of item [4e6be497-4f7b-49cc-b976-420272384a5e]
 09/06/23 12:54:28,687 INFO  [@init servlet   ] [RemoteDAO                     ] [@] Fetch item field "changes" of item [23]
 09/06/23 12:54:28,694 INFO  [@init servlet   ] [RemoteDAO                     ] [@] Fetch item field "changes" of item [25]
 09/06/23 12:54:28,700 INFO  [@init servlet   ] [RemoteDAO                     ] [@] Fetch item field "changes" of item [28]
 09/06/23 12:54:28,706 INFO  [@init servlet   ] [RemoteDAO                     ] [@] Fetch item field "changes" of item [31]
 09/06/23 12:54:28,713 INFO  [@init servlet   ] [RemoteDAO                     ] [@] Fetch item field "changes" of item [34]
 09/06/23 12:54:28,720 INFO  [@init servlet   ] [RemoteDAO                     ] [@] Fetch item field "changes" of item [37]
 09/06/23 12:54:28,727 INFO  [@init servlet   ] [RemoteDAO                     ] [@] Fetch item field "changes" of item [40]
 09/06/23 12:54:28,734 INFO  [@init servlet   ] [RemoteDAO                     ] [@] Fetch item field "changes" of item [43]
 09/06/23 12:54:28,742 INFO  [@init servlet   ] [RemoteDAO                     ] [@] Fetch item field "changes" of item [46]
 09/06/23 12:54:28,747 INFO  [@init servlet   ] [RemoteDAO                     ] [@] Fetch item field "changes" of item [49]
 09/06/23 12:54:28,754 INFO  [@init servlet   ] [RemoteDAO                     ] [@] Fetch item field "changes" of item [52]
 09/06/23 12:54:28,761 INFO  [@init servlet   ] [RemoteDAO                     ] [@] Fetch item field "changes" of item [55]
 09/06/23 12:54:28,767 INFO  [@init servlet   ] [RemoteDAO                     ] [@] Fetch item field "changes" of item [58]
 09/06/23 12:54:28,775 INFO  [@init servlet   ] [RemoteDAO                     ] [@] Fetch item field "changes" of item [61]
 09/06/23 12:54:28,781 INFO  [@init servlet   ] [RemoteDAO                     ] [@] Fetch item field "changes" of item [64]
 09/06/23 12:54:28,787 INFO  [@init servlet   ] [RemoteDAO                     ] [@] Fetch item field "changes" of item [67]
 09/06/23 12:54:28,795 INFO  [@init servlet   ] [RemoteDAO                     ] [@] Fetch item field "changes" of item [70]
 09/06/23 12:54:28,801 INFO  [@init servlet   ] [RemoteDAO                     ] [@] Fetch item field "changes" of item [73]
 09/06/23 12:54:28,808 INFO  [@init servlet   ] [RemoteDAO                     ] [@] Fetch item field "changes" of item [76]
 09/06/23 12:54:28,814 INFO  [@init servlet   ] [RemoteDAO                     ] [@] Fetch item field "changes" of item [79]
 09/06/23 12:54:28,819 INFO  [@init servlet   ] [RemoteDAO                     ] [@] Fetch item field "changes" of item [82]
 09/06/23 12:54:28,826 INFO  [@init servlet   ] [RemoteDAO                     ] [@] Fetch item field "changes" of item [85]
 09/06/23 12:54:28,832 INFO  [@init servlet   ] [RemoteDAO                     ] [@] Fetch item field "changes" of item [88]
 09/06/23 12:54:28,838 INFO  [@init servlet   ] [RemoteDAO                     ] [@] Fetch item field "changes" of item [91]
 09/06/23 12:54:28,844 INFO  [@init servlet   ] [RemoteDAO                     ] [@] Fetch item field "changes" of item [94]
 09/06/23 12:54:28,850 INFO  [@init servlet   ] [RemoteDAO                     ] [@] Fetch item field "changes" of item [97]
 09/06/23 12:54:28,857 INFO  [@init servlet   ] [RemoteDAO                     ] [@] Fetch item field "changes" of item [100]
 09/06/23 12:54:28,863 INFO  [@init servlet   ] [RemoteDAO                     ] [@] Fetch item field "changes" of item [103]
 09/06/23 12:54:28,869 INFO  [@init servlet   ] [RemoteDAO                     ] [@] Fetch item field "changes" of item [106]
 09/06/23 12:54:28,875 INFO  [@init servlet   ] [RemoteDAO                     ] [@] Fetch item field "changes" of item [109]
 09/06/23 12:54:28,881 INFO  [@init servlet   ] [RemoteDAO                     ] [@] Fetch item field "changes" of item [112]
 09/06/23 12:54:28,887 INFO  [@init servlet   ] [RemoteDAO                     ] [@] Fetch item field "changes" of item [115]
 09/06/23 12:54:28,893 INFO  [@init servlet   ] [RemoteDAO                     ] [@] Fetch item field "changes" of item [118]
 09/06/23 12:54:28,899 INFO  [@init servlet   ] [RemoteDAO                     ] [@] Fetch item field "changes" of item [121]
 09/06/23 12:54:28,905 INFO  [@init servlet   ] [RemoteDAO                     ] [@] Fetch item field "changes" of item [124]
 09/06/23 12:54:28,912 INFO  [@init servlet   ] [RemoteDAO                     ] [@] Fetch item field "changes" of item [127]
 09/06/23 12:54:28,917 INFO  [@init servlet   ] [RemoteDAO                     ] [@] Fetch item field "changes" of item [130]
 09/06/23 12:54:28,924 INFO  [@init servlet   ] [RemoteDAO                     ] [@] Fetch item field "changes" of item [133]
 09/06/23 12:54:28,930 INFO  [@init servlet   ] [RemoteDAO                     ] [@] Fetch item field "changes" of item [136]
 09/06/23 12:54:28,936 INFO  [@init servlet   ] [RemoteDAO                     ] [@] Fetch item field "changes" of item [139]
 09/06/23 12:54:28,943 INFO  [@init servlet   ] [RemoteDAO                     ] [@] Fetch item field "changes" of item [142]
 09/06/23 12:54:28,949 INFO  [@init servlet   ] [RemoteDAO                     ] [@] Fetch item field "changes" of item [145]
 09/06/23 12:54:28,955 INFO  [@init servlet   ] [RemoteDAO                     ] [@] Fetch item field "changes" of item [147]
 09/06/23 12:54:28,964 INFO  [@init servlet   ] [RemoteDAO                     ] [@] Fetch item field "changes" of item [148]
 09/06/23 12:54:28,972 INFO  [@init servlet   ] [RemoteDAO                     ] [@] Fetch item field "changes" of item [149]
 09/06/23 12:54:28,979 INFO  [@init servlet   ] [RemoteDAO                     ] [@] Fetch item field "changes" of item [150]
 09/06/23 12:54:28,986 INFO  [@init servlet   ] [RemoteDAO                     ] [@] Fetch item field "changes" of item [151]
 09/06/23 12:54:28,993 INFO  [@init servlet   ] [RemoteDAO                     ] [@] Fetch item field "changes" of item [26]
 09/06/23 12:54:28,999 INFO  [@init servlet   ] [RemoteDAO                     ] [@] Fetch item field "changes" of item [29]
 09/06/23 12:54:29,004 INFO  [@init servlet   ] [RemoteDAO                     ] [@] Fetch item field "changes" of item [32]
 09/06/23 12:54:29,010 INFO  [@init servlet   ] [RemoteDAO                     ] [@] Fetch item field "changes" of item [35]
 09/06/23 12:54:29,016 INFO  [@init servlet   ] [RemoteDAO                     ] [@] Fetch item field "changes" of item [38]
 09/06/23 12:54:29,023 INFO  [@init servlet   ] [RemoteDAO                     ] [@] Fetch item field "changes" of item [41]
 09/06/23 12:54:29,029 INFO  [@init servlet   ] [RemoteDAO                     ] [@] Fetch item field "changes" of item [44]
 09/06/23 12:54:29,035 INFO  [@init servlet   ] [RemoteDAO                     ] [@] Fetch item field "changes" of item [47]
 09/06/23 12:54:29,041 INFO  [@init servlet   ] [RemoteDAO                     ] [@] Fetch item field "changes" of item [50]
 09/06/23 12:54:29,047 INFO  [@init servlet   ] [RemoteDAO                     ] [@] Fetch item field "changes" of item [53]
 09/06/23 12:54:29,053 INFO  [@init servlet   ] [RemoteDAO                     ] [@] Fetch item field "changes" of item [56]
 09/06/23 12:54:29,059 INFO  [@init servlet   ] [RemoteDAO                     ] [@] Fetch item field "changes" of item [59]
 09/06/23 12:54:29,064 INFO  [@init servlet   ] [RemoteDAO                     ] [@] Fetch item field "changes" of item [62]
 09/06/23 12:54:29,070 INFO  [@init servlet   ] [RemoteDAO                     ] [@] Fetch item field "changes" of item [65]
 09/06/23 12:54:29,076 INFO  [@init servlet   ] [RemoteDAO                     ] [@] Fetch item field "changes" of item [68]
 09/06/23 12:54:29,082 INFO  [@init servlet   ] [RemoteDAO                     ] [@] Fetch item field "changes" of item [71]
 09/06/23 12:54:29,088 INFO  [@init servlet   ] [RemoteDAO                     ] [@] Fetch item field "changes" of item [74]
 09/06/23 12:54:29,094 INFO  [@init servlet   ] [RemoteDAO                     ] [@] Fetch item field "changes" of item [77]
 09/06/23 12:54:29,100 INFO  [@init servlet   ] [RemoteDAO                     ] [@] Fetch item field "changes" of item [80]
 09/06/23 12:54:29,106 INFO  [@init servlet   ] [RemoteDAO                     ] [@] Fetch item field "changes" of item [83]
 09/06/23 12:54:29,113 INFO  [@init servlet   ] [RemoteDAO                     ] [@] Fetch item field "changes" of item [86]
 09/06/23 12:54:29,118 INFO  [@init servlet   ] [RemoteDAO                     ] [@] Fetch item field "changes" of item [89]
 09/06/23 12:54:29,125 INFO  [@init servlet   ] [RemoteDAO                     ] [@] Fetch item field "changes" of item [92]
 09/06/23 12:54:29,131 INFO  [@init servlet   ] [RemoteDAO                     ] [@] Fetch item field "changes" of item [95]
 09/06/23 12:54:29,137 INFO  [@init servlet   ] [RemoteDAO                     ] [@] Fetch item field "changes" of item [98]
 09/06/23 12:54:29,143 INFO  [@init servlet   ] [RemoteDAO                     ] [@] Fetch item field "changes" of item [101]
 09/06/23 12:54:29,149 INFO  [@init servlet   ] [RemoteDAO                     ] [@] Fetch item field "changes" of item [104]
 09/06/23 12:54:29,154 INFO  [@init servlet   ] [RemoteDAO                     ] [@] Fetch item field "changes" of item [107]
 09/06/23 12:54:29,160 INFO  [@init servlet   ] [RemoteDAO                     ] [@] Fetch item field "changes" of item [110]
 09/06/23 12:54:29,166 INFO  [@init servlet   ] [RemoteDAO                     ] [@] Fetch item field "changes" of item [113]
 09/06/23 12:54:29,171 INFO  [@init servlet   ] [RemoteDAO                     ] [@] Fetch item field "changes" of item [116]
 09/06/23 12:54:29,177 INFO  [@init servlet   ] [RemoteDAO                     ] [@] Fetch item field "changes" of item [119]
 09/06/23 12:54:29,182 INFO  [@init servlet   ] [RemoteDAO                     ] [@] Fetch item field "changes" of item [122]
 09/06/23 12:54:29,188 INFO  [@init servlet   ] [RemoteDAO                     ] [@] Fetch item field "changes" of item [125]
 09/06/23 12:54:29,196 INFO  [@init servlet   ] [RemoteDAO                     ] [@] Fetch item field "changes" of item [128]
 09/06/23 12:54:29,202 INFO  [@init servlet   ] [RemoteDAO                     ] [@] Fetch item field "changes" of item [131]
 09/06/23 12:54:29,210 INFO  [@init servlet   ] [RemoteDAO                     ] [@] Fetch item field "changes" of item [134]
 09/06/23 12:54:29,217 INFO  [@init servlet   ] [RemoteDAO                     ] [@] Fetch item field "changes" of item [137]
 09/06/23 12:54:29,225 INFO  [@init servlet   ] [RemoteDAO                     ] [@] Fetch item field "changes" of item [140]
 09/06/23 12:54:29,231 INFO  [@init servlet   ] [RemoteDAO                     ] [@] Fetch item field "changes" of item [143]
 09/06/23 12:54:29,237 INFO  [@init servlet   ] [RemoteDAO                     ] [@] Fetch item field "changes" of item [146]
 09/06/23 12:54:29,243 INFO  [@init servlet   ] [RemoteDAO                     ] [@] Fetch item field "changes" of item [152]
 09/06/23 12:54:29,249 INFO  [@init servlet   ] [RemoteDAO                     ] [@] Fetch item field "changes" of item [154]
 09/06/23 12:54:29,257 INFO  [@init servlet   ] [RemoteDAO                     ] [@] Fetch item field "changes" of item [156]
 09/06/23 12:54:29,280 INFO  [@init servlet   ] [RemoteDAO                     ] [@] Fetch item field "name" of item [212f390b-6f84-491d-8114-3a90de39d464]
 09/06/23 12:54:29,456 INFO  [@init servlet   ] [RemoteDAO                     ] [@] Fetch item field "banned" of item [1802d08b-6d50-44ae-8eba-8973a3db80ef]
 09/06/23 12:54:29,531 INFO  [@init servlet   ] [RemoteDAO                     ] [@] Fetch item field "banned" of item [9a966e64-9cb7-4162-90db-fa459d1c0a8f]
 09/06/23 12:54:29,582 INFO  [@init servlet   ] [RemoteDAO                     ] [@] Fetch item field "changes" of item [158]
 09/06/23 12:54:29,642 INFO  [@init servlet   ] [RemoteDAO                     ] [@] Fetch item field "transitiveGroups" of item [1802d08b-6d50-44ae-8eba-8973a3db80ef]
 09/06/23 12:54:29,653 INFO  [@init servlet   ] [RemoteDAO                     ] [@] Fetch item field "global" of item [e94410d3-5b8c-4b13-a5d3-878f406ec362]
 09/06/23 12:54:29,659 INFO  [@init servlet   ] [RemoteDAO                     ] [@] Fetch item field "global" of item [65b07cc9-af74-4412-a218-819b75905f4d]
 09/06/23 12:54:29,664 INFO  [@init servlet   ] [RemoteDAO                     ] [@] Fetch item field "global" of item [ae8f9c07-5389-445d-a07c-293e5c7eeeda]
 09/06/23 12:54:29,668 INFO  [@init servlet   ] [RemoteDAO                     ] [@] Fetch item field "global" of item [c5312200-3356-4b70-96bf-d9cf9948fa13]
 09/06/23 12:54:29,673 INFO  [@init servlet   ] [RemoteDAO                     ] [@] Fetch item field "global" of item [b11bdaed-54fd-447c-b877-940f901495f1]
 09/06/23 12:54:29,678 INFO  [@init servlet   ] [RemoteDAO                     ] [@] Fetch item field "global" of item [38502f17-ea7e-4bd5-a067-5f2ea3afcdb6]
 09/06/23 12:54:29,682 INFO  [@init servlet   ] [RemoteDAO                     ] [@] Fetch item field "global" of item [f1206d69-ec72-456b-91fb-f7206f490d49]
 09/06/23 12:54:29,687 INFO  [@init servlet   ] [RemoteDAO                     ] [@] Fetch item field "global" of item [94192a04-efe7-480e-9dee-a453dd8c4ef4]
 09/06/23 12:54:29,692 INFO  [@init servlet   ] [RemoteDAO                     ] [@] Fetch item field "global" of item [f71e540f-d9de-43e6-aa07-8b7099bd505e]
 09/06/23 12:54:29,696 INFO  [@init servlet   ] [RemoteDAO                     ] [@] Fetch item field "global" of item [c0ad8fdb-2a35-4b25-aa49-d5b9b6a213aa]
 09/06/23 12:54:29,701 INFO  [@init servlet   ] [RemoteDAO                     ] [@] Fetch item field "global" of item [c6ea2f98-ba7d-4e52-927a-fc7249b9ac51]
 09/06/23 12:54:29,706 INFO  [@init servlet   ] [RemoteDAO                     ] [@] Fetch item field "global" of item [a3f09b15-3bdf-4e1e-baae-7b7df81e26b6]
 09/06/23 12:54:29,711 INFO  [@init servlet   ] [RemoteDAO                     ] [@] Fetch item field "global" of item [ee471da3-50b1-4728-b385-cbc01d7a8579]
 09/06/23 12:54:29,717 INFO  [@init servlet   ] [RemoteDAO                     ] [@] Fetch item field "global" of item [8cb174ce-b887-42db-8297-0ac2db81fcb6]
 09/06/23 12:54:29,723 INFO  [@init servlet   ] [RemoteDAO                     ] [@] Fetch item field "global" of item [c2815bda-2fde-4533-98bc-c2ef6bea45a1]
 09/06/23 12:54:29,730 INFO  [@init servlet   ] [RemoteDAO                     ] [@] Fetch item field "global" of item [17df7b14-48f2-4538-8eb6-97e4b4ed7d80]
 09/06/23 12:54:29,736 INFO  [@init servlet   ] [RemoteDAO                     ] [@] Fetch item field "global" of item [0d002662-e5c0-4493-b422-eae6204e8c6c]
 09/06/23 12:54:29,742 INFO  [@init servlet   ] [RemoteDAO                     ] [@] Fetch item field "global" of item [8563fa49-3182-4a89-be2f-2165ce27deb5]
 09/06/23 12:54:29,749 INFO  [@init servlet   ] [RemoteDAO                     ] [@] Fetch item field "global" of item [fe3eacdf-e838-44dc-a166-6ad5b9e03a9b]
 09/06/23 12:54:29,753 INFO  [@init servlet   ] [RemoteDAO                     ] [@] Fetch item field "global" of item [3f64e22b-07ff-4f68-a945-b1abfa0067a7]
 09/06/23 12:54:29,759 INFO  [@init servlet   ] [RemoteDAO                     ] [@] Fetch item field "global" of item [1011f91d-3a59-424e-8744-31e62a880643]
 09/06/23 12:54:29,764 INFO  [@init servlet   ] [RemoteDAO                     ] [@] Fetch item field "global" of item [06b72719-36d3-4092-9da6-638c0a7abc86]
 09/06/23 12:54:29,769 INFO  [@init servlet   ] [RemoteDAO                     ] [@] Fetch item field "global" of item [ed1bc0ef-bd24-42c7-a32a-0262cc3b8924]
 09/06/23 12:54:29,773 INFO  [@init servlet   ] [RemoteDAO                     ] [@] Fetch item field "global" of item [1e7bbd07-f408-40fb-aa42-559b5204da8b]
 09/06/23 12:54:29,778 INFO  [@init servlet   ] [RemoteDAO                     ] [@] Fetch item field "global" of item [0ab47f74-29cb-461e-88a4-a7929079dc70]
 09/06/23 12:54:29,783 INFO  [@init servlet   ] [RemoteDAO                     ] [@] Fetch item field "global" of item [1a26d08f-552c-4f3f-8580-5df5502e339c]
 09/06/23 12:54:29,788 INFO  [@init servlet   ] [RemoteDAO                     ] [@] Fetch item field "global" of item [4ed07a29-5cd8-4f08-9e30-766ae5454b7c]
 09/06/23 12:54:29,793 INFO  [@init servlet   ] [RemoteDAO                     ] [@] Fetch item field "global" of item [292c4d8f-7c06-43a1-b294-7bdd77d3cf56]
 09/06/23 12:54:29,798 INFO  [@init servlet   ] [RemoteDAO                     ] [@] Fetch item field "global" of item [df43d275-ac62-4b94-b738-b53dcccb6f3d]
 09/06/23 12:54:29,803 INFO  [@init servlet   ] [RemoteDAO                     ] [@] Fetch item field "global" of item [82bf0fdb-f980-4840-bb00-897fc0a80638]
 09/06/23 12:54:29,808 INFO  [@init servlet   ] [RemoteDAO                     ] [@] Fetch item field "global" of item [b7818949-ea4b-4361-9bc5-b069b32ef6d3]
 09/06/23 12:54:29,812 INFO  [@init servlet   ] [RemoteDAO                     ] [@] Fetch item field "global" of item [d9a3b5fb-e48b-417f-bc51-cad833ed75cb]
 09/06/23 12:54:29,817 INFO  [@init servlet   ] [RemoteDAO                     ] [@] Fetch item field "global" of item [cb60da61-b42c-4327-8eb7-9e227efe74f4]
 09/06/23 12:54:29,822 INFO  [@init servlet   ] [RemoteDAO                     ] [@] Fetch item field "global" of item [9b4df35d-1d47-422d-94f4-f04ee4269e69]
 09/06/23 12:54:29,827 INFO  [@init servlet   ] [RemoteDAO                     ] [@] Fetch item field "global" of item [22e6397f-45e6-4759-93f1-b8de9942d230]
 09/06/23 12:54:29,832 INFO  [@init servlet   ] [RemoteDAO                     ] [@] Fetch item field "global" of item [871d5f85-6b09-4492-a517-df736a93ecfd]
 09/06/23 12:54:29,836 INFO  [@init servlet   ] [RemoteDAO                     ] [@] Fetch item field "global" of item [24f01613-9437-4167-a7f1-a32e80c3fe42]
 09/06/23 12:54:29,841 INFO  [@init servlet   ] [RemoteDAO                     ] [@] Fetch item field "global" of item [5a3a4d25-0359-4dcf-a2c9-975233196e75]
 09/06/23 12:54:29,846 INFO  [@init servlet   ] [RemoteDAO                     ] [@] Fetch item field "global" of item [5393d906-45d1-41b6-86ae-a90dc642bf57]
 09/06/23 12:54:29,851 INFO  [@init servlet   ] [RemoteDAO                     ] [@] Fetch item field "global" of item [86824df5-ed1a-4235-b639-98045ecd4cf3]
 09/06/23 12:54:29,856 INFO  [@init servlet   ] [RemoteDAO                     ] [@] Fetch item field "global" of item [030e76d8-8e8b-42dc-a660-1502555c4839]
 09/06/23 12:54:29,861 INFO  [@init servlet   ] [RemoteDAO                     ] [@] Fetch item field "global" of item [d7b20a99-37dd-406d-b010-4e9ca9fd7832]
 09/06/23 12:54:29,866 INFO  [@init servlet   ] [RemoteDAO                     ] [@] Fetch item field "global" of item [272d8168-b8a2-4c11-81c7-c1d4fbb3c84e]
 09/06/23 12:54:29,870 INFO  [@init servlet   ] [RemoteDAO                     ] [@] Fetch item field "global" of item [ea14ea70-6464-4bc0-bf03-b331e1fc7879]
 09/06/23 12:54:29,875 INFO  [@init servlet   ] [RemoteDAO                     ] [@] Fetch item field "global" of item [4c848f99-4651-4951-9a74-fd557c4a419d]
 09/06/23 12:54:29,880 INFO  [@init servlet   ] [RemoteDAO                     ] [@] Fetch item field "global" of item [345bc677-e07a-43bf-aee0-f10ed6da4e87]
 09/06/23 12:54:29,884 INFO  [@init servlet   ] [RemoteDAO                     ] [@] Fetch item field "global" of item [94faf4d9-9657-4431-8981-55e63fb97db9]
 09/06/23 12:54:29,889 INFO  [@init servlet   ] [RemoteDAO                     ] [@] Fetch item field "global" of item [29b1d9c2-e306-46f9-ac3d-d03d45bec096]
 09/06/23 12:54:29,894 INFO  [@init servlet   ] [RemoteDAO                     ] [@] Fetch item field "global" of item [ea1d9a92-6b22-4152-8b83-35982dcc0adb]
 09/06/23 12:54:29,899 INFO  [@init servlet   ] [RemoteDAO                     ] [@] Fetch item field "global" of item [98850b34-c94d-4ba1-8312-11e2de9c7768]
 09/06/23 12:54:29,903 INFO  [@init servlet   ] [RemoteDAO                     ] [@] Fetch item field "global" of item [084aa44a-c962-419a-9e2a-2dbef315b8e8]
 09/06/23 12:54:29,908 INFO  [@init servlet   ] [RemoteDAO                     ] [@] Fetch item field "global" of item [5854cbc6-4e50-4ccf-bb52-04e2e93a5d24]
 09/06/23 12:54:29,912 INFO  [@init servlet   ] [RemoteDAO                     ] [@] Fetch item field "global" of item [5bcad25b-d635-46d0-8d23-f920e83528c3]
 09/06/23 12:54:29,916 INFO  [@init servlet   ] [RemoteDAO                     ] [@] Fetch item field "global" of item [af7ea7df-32e6-4873-ac6e-5e87ecb4e5a8]
 09/06/23 12:54:29,921 INFO  [@init servlet   ] [RemoteDAO                     ] [@] Fetch item field "global" of item [a30f0d20-6747-4af7-b1fa-d7071da53365]
 09/06/23 12:54:29,926 INFO  [@init servlet   ] [RemoteDAO                     ] [@] Fetch item field "global" of item [08ab86ac-bf02-4411-9b68-29220f507d00]
 09/06/23 12:54:29,930 INFO  [@init servlet   ] [RemoteDAO                     ] [@] Fetch item field "global" of item [7617b6dd-bc0e-40a4-b4e8-ed3af7daee44]
 09/06/23 12:54:29,934 INFO  [@init servlet   ] [RemoteDAO                     ] [@] Fetch item field "global" of item [115138df-0efe-4a78-8939-7e43287fb64b]
 09/06/23 12:54:29,940 INFO  [@init servlet   ] [RemoteDAO                     ] [@] Fetch item field "global" of item [6f214f65-8de6-4954-8c38-12d47ea18c3c]
 09/06/23 12:54:29,945 INFO  [@init servlet   ] [RemoteDAO                     ] [@] Fetch item field "global" of item [6287ec0a-9330-4e6a-8d4b-6f81814e6f24]
 09/06/23 12:54:29,950 INFO  [@init servlet   ] [RemoteDAO                     ] [@] Fetch item field "global" of item [c2566c78-5941-4266-9ad9-3ac0f21dc837]
 09/06/23 12:54:29,956 INFO  [@init servlet   ] [RemoteDAO                     ] [@] Fetch item field "global" of item [59c85e56-a51e-4566-8312-32501d837a48]
 09/06/23 12:54:29,962 INFO  [@init servlet   ] [RemoteDAO                     ] [@] Fetch item field "transitiveGroups" of item [9a966e64-9cb7-4162-90db-fa459d1c0a8f]
 09/06/23 12:54:30,050 INFO  [@init servlet   ] [RemoteDAO                     ] [@] Fetch item field "global" of item [0]
 09/06/23 12:54:30,162 INFO  [@init servlet   ] [RemoteDAO                     ] [@] Fetch item field "baseUrls" of item [62486447-3c0d-4800-b702-b32af8a58705]
 09/06/23 12:54:31,196 INFO  [@tzJobProcessor6] [RemoteDAO                     ] [system_user@@] Fetch item field "author" of item [16]
 09/06/23 12:54:31,208 INFO  [@tzJobProcessor6] [RemoteDAO                     ] [system_user@@] Fetch item field "author" of item [17]
 09/06/23 12:54:31,216 INFO  [@tzJobProcessor6] [RemoteDAO                     ] [system_user@@] Fetch item field "author" of item [19]
 09/06/23 12:54:31,225 INFO  [@tzJobProcessor6] [RemoteDAO                     ] [system_user@@] Fetch item field "author" of item [21]
 09/06/23 12:54:31,233 INFO  [@tzJobProcessor6] [RemoteDAO                     ] [system_user@@] Fetch item field "author" of item [23]
 09/06/23 12:54:31,241 INFO  [@tzJobProcessor6] [RemoteDAO                     ] [system_user@@] Fetch item field "author" of item [25]
 09/06/23 12:54:31,249 INFO  [@tzJobProcessor6] [RemoteDAO                     ] [system_user@@] Fetch item field "author" of item [26]
 09/06/23 12:54:31,256 INFO  [@tzJobProcessor6] [RemoteDAO                     ] [system_user@@] Fetch item field "author" of item [153]
 09/06/23 12:54:31,265 INFO  [@tzJobProcessor6] [RemoteDAO                     ] [system_user@@] Fetch item field "author" of item [154]
 09/06/23 12:54:31,271 INFO  [@tzJobProcessor6] [RemoteDAO                     ] [system_user@@] Fetch item field "author" of item [155]
 09/06/23 12:54:31,277 INFO  [@tzJobProcessor6] [RemoteDAO                     ] [system_user@@] Fetch item field "author" of item [156]
 09/06/23 12:54:31,284 INFO  [@tzJobProcessor6] [RemoteDAO                     ] [system_user@@] Fetch item field "author" of item [158]
 09/06/23 12:54:32,059 INFO  [@init servlet   ] [RemoteDAO                     ] [admin@] Fetch item field "changes" of item [160]
 09/06/23 12:54:32,065 INFO  [@init servlet   ] [RemoteDAO                     ] [admin@] Fetch item field "changes" of item [169]
 09/06/23 12:54:32,072 INFO  [@init servlet   ] [RemoteDAO                     ] [admin@] Fetch item field "changes" of item [161]
 09/06/23 12:54:32,078 INFO  [@init servlet   ] [RemoteDAO                     ] [admin@] Fetch item field "changes" of item [168]
 09/06/23 12:54:32,084 INFO  [@init servlet   ] [RemoteDAO                     ] [admin@] Fetch item field "archived" of item [0]
 09/06/23 12:54:32,090 INFO  [@init servlet   ] [RemoteDAO                     ] [admin@] Fetch item field "archived" of item [767fd116-f4fa-4f76-8b99-438e6ac7c4d3]
 09/06/23 12:54:33,783 INFO  [@init servlet   ] [RemoteDAO                     ] [admin@] Fetch item field "changes" of item [172]
 09/06/23 12:54:33,790 INFO  [@init servlet   ] [RemoteDAO                     ] [admin@] Fetch item field "changes" of item [173]
 09/06/23 12:54:33,796 INFO  [@init servlet   ] [RemoteDAO                     ] [admin@] Fetch item field "project" of item [95f1bddc-cf69-46f0-8112-305345ab1b03]
 09/06/23 12:54:33,831 INFO  [@init servlet   ] [RemoteDAO                     ] [admin@] Fetch item field "changes" of item [174]
 09/06/23 12:54:33,910 INFO  [@init servlet   ] [RemoteDAO                     ] [admin@] Fetch item field "targetPresentation" of item [176]
 09/06/23 12:54:33,920 INFO  [@init servlet   ] [RemoteDAO                     ] [admin@] Fetch item field "authorType" of item [176]
 09/06/23 12:54:33,930 INFO  [@init servlet   ] [RemoteDAO                     ] [admin@] Fetch item field "authorPresentation" of item [176]
 09/06/23 12:54:33,940 INFO  [@init servlet   ] [RemoteDAO                     ] [admin@] Fetch item field "timestamp" of item [176]
 09/06/23 12:54:33,948 WARN  [@init servlet   ] [RemoteAPI                     ] [admin@] Related data store for the event is not found. The event will be skipped:
	Target: UserDashboard e2fa61a2-7fab-4c22-b143-92493c2045a9
	Author: Service YouTrack
	Timestamp: java.util.GregorianCalendar[time=1686315273883,areFieldsSet=true,areAllFieldsSet=true,lenient=true,zone=sun.util.calendar.ZoneInfo[id="UTC",offset=0,dstSavings=0,useDaylight=false,transitions=0,lastRule=null],firstDayOfWeek=1,minimalDaysInFirstWeek=1,ERA=1,YEAR=2023,MONTH=5,WEEK_OF_YEAR=23,WEEK_OF_MONTH=2,DAY_OF_MONTH=9,DAY_OF_YEAR=160,DAY_OF_WEEK=6,DAY_OF_WEEK_IN_MONTH=2,AM_PM=1,HOUR=0,HOUR_OF_DAY=12,MINUTE=54,SECOND=33,MILLISECOND=883,ZONE_OFFSET=0,DST_OFFSET=0]

 09/06/23 12:54:34,126 INFO  [@tzJobProcessor3] [RemoteDAO                     ] [system_user@@] Fetch item field "author" of item [159]
 09/06/23 12:54:34,135 INFO  [@tzJobProcessor3] [RemoteDAO                     ] [system_user@@] Fetch item field "author" of item [160]
 09/06/23 12:54:34,143 INFO  [@tzJobProcessor3] [RemoteDAO                     ] [system_user@@] Fetch item field "author" of item [161]
 09/06/23 12:54:34,149 INFO  [@tzJobProcessor3] [RemoteDAO                     ] [system_user@@] Fetch item field "author" of item [162]
 09/06/23 12:54:34,157 INFO  [@tzJobProcessor3] [RemoteDAO                     ] [system_user@@] Fetch item field "author" of item [164]
 09/06/23 12:54:34,164 INFO  [@tzJobProcessor3] [RemoteDAO                     ] [system_user@@] Fetch item field "author" of item [168]
 09/06/23 12:54:34,170 INFO  [@tzJobProcessor3] [RemoteDAO                     ] [system_user@@] Fetch item field "author" of item [172]
 09/06/23 12:54:34,177 INFO  [@tzJobProcessor3] [RemoteDAO                     ] [system_user@@] Fetch item field "author" of item [173]
 09/06/23 12:54:34,205 INFO  [@tzJobProcessor3] [RemoteDAO                     ] [system_user@@] Fetch item field "team" of item [767fd116-f4fa-4f76-8b99-438e6ac7c4d3]
 09/06/23 12:54:34,259 INFO  [@tzJobProcessor3] [RemoteDAO                     ] [system_user@@] Fetch item field "author" of item [174]
 09/06/23 12:54:34,266 INFO  [@tzJobProcessor3] [RemoteDAO                     ] [system_user@@] Fetch item field "archived" of item [767fd116-f4fa-4f76-8b99-438e6ac7c4d3]
 09/06/23 12:54:34,271 INFO  [@tzJobProcessor3] [RemoteDAO                     ] [system_user@@] Fetch item field "icon" of item [767fd116-f4fa-4f76-8b99-438e6ac7c4d3]
 09/06/23 12:54:34,280 INFO  [@tzJobProcessor3] [RemoteDAO                     ] [system_user@@] Fetch item field "description" of item [767fd116-f4fa-4f76-8b99-438e6ac7c4d3]
 09/06/23 12:54:34,285 INFO  [@tzJobProcessor3] [RemoteDAO                     ] [system_user@@] Fetch item field "global" of item [767fd116-f4fa-4f76-8b99-438e6ac7c4d3]
 09/06/23 12:54:34,296 INFO  [@tzJobProcessor3] [RemoteDAO                     ] [@] Fetch item field "transitiveGroups" of item [9a966e64-9cb7-4162-90db-fa459d1c0a8f]
 09/06/23 12:55:52,225 INFO  [@tp1581643025-43] [RemoteDAO                     ] [@] Fetch item field "baseUrls" of item [62486447-3c0d-4800-b702-b32af8a58705]
 09/06/23 12:55:52,275 INFO  [@tp1581643025-43] [RemoteDAO                     ] [@] Fetch item field "changes" of item [177]
 09/06/23 12:55:52,281 INFO  [@tp1581643025-43] [RemoteDAO                     ] [@] Fetch item field "baseUrls" of item [62486447-3c0d-4800-b702-b32af8a58705]
 09/06/23 12:55:52,673 INFO  [@tp1581643025-43] [RemoteDAO                     ] [guest@172.20.0.1] Fetch item field "applicationName" of item [d60cd8a8-4efc-4bac-a4a1-30e46b2bcd07]
 09/06/23 12:55:52,690 INFO  [@tp1581643025-43] [RemoteDAO                     ] [guest@172.20.0.1] Fetch item field "applicationName" of item [0-0-0-0-0]
 09/06/23 12:55:52,696 INFO  [@tp1581643025-43] [RemoteDAO                     ] [guest@172.20.0.1] Fetch item field "applicationName" of item [88ae3652-3d45-46d3-80f3-ce149538ca66]
 09/06/23 12:55:52,701 INFO  [@tp1581643025-43] [RemoteDAO                     ] [guest@172.20.0.1] Fetch item field "key" of item [88ae3652-3d45-46d3-80f3-ce149538ca66]
 09/06/23 12:55:52,708 INFO  [@tp1581643025-43] [RemoteDAO                     ] [guest@172.20.0.1] Fetch item field "homeUrl" of item [88ae3652-3d45-46d3-80f3-ce149538ca66]
 09/06/23 12:55:55,121 INFO  [@tzJobProcessor0] [RemoteDAO                     ] [system_user@@] Fetch item field "author" of item [177]
 