{"timestamp":"2023-06-09 10:38:01.956 Z","level":"info","msg":"Server is initializing...","caller":"platform/service.go:165","go_version":"go1.19.5"}
{"timestamp":"2023-06-09 10:38:01.956 Z","level":"info","msg":"Pinging SQL","caller":"sqlstore/store.go:242","database":"master","dataSource":"postgres://%2A%2A%2A%2A:%2A%2A%2A%2A@postgres:5432/mattermost?connect_timeout=10&sslmode=disable"}
{"timestamp":"2023-06-09 10:38:01.961 Z","level":"error","msg":"Failed to ping DB","caller":"sqlstore/store.go:252","error":"dial tcp 172.20.0.2:5432: connect: connection refused","retrying in seconds":10}
{"timestamp":"2023-06-09 10:38:11.961 Z","level":"info","msg":"Pinging SQL","caller":"sqlstore/store.go:242","database":"master","dataSource":"postgres://%2A%2A%2A%2A:%2A%2A%2A%2A@postgres:5432/mattermost?connect_timeout=10&sslmode=disable"}
{"timestamp":"2023-06-09 10:38:11.969 Z","level":"error","msg":"Failed to ping DB","caller":"sqlstore/store.go:252","error":"dial tcp 172.20.0.2:5432: connect: connection refused","retrying in seconds":10}
{"timestamp":"2023-06-09 10:38:21.969 Z","level":"info","msg":"Pinging SQL","caller":"sqlstore/store.go:242","database":"master","dataSource":"postgres://%2A%2A%2A%2A:%2A%2A%2A%2A@postgres:5432/mattermost?connect_timeout=10&sslmode=disable"}
{"timestamp":"2023-06-09 10:38:21.970 Z","level":"error","msg":"Failed to ping DB","caller":"sqlstore/store.go:252","error":"dial tcp 172.20.0.2:5432: connect: connection refused","retrying in seconds":10}
{"timestamp":"2023-06-09 10:38:31.976 Z","level":"info","msg":"Pinging SQL","caller":"sqlstore/store.go:242","database":"master","dataSource":"postgres://%2A%2A%2A%2A:%2A%2A%2A%2A@postgres:5432/mattermost?connect_timeout=10&sslmode=disable"}
{"timestamp":"2023-06-09 10:38:38.106 Z","level":"info","msg":"Starting websocket hubs","caller":"platform/web_hub.go:95","number_of_hubs":24}
{"timestamp":"2023-06-09 10:38:38.107 Z","level":"info","msg":"Loaded system translations","caller":"i18n/i18n.go:132","for locale":"en","from locale":"/mattermost/i18n/en.json"}
{"timestamp":"2023-06-09 10:38:38.115 Z","level":"info","msg":"Ensuring the telemetry ID","caller":"telemetry/telemetry.go:142","id":"8ubpbgccut8kpy8btukzny18zw"}
{"timestamp":"2023-06-09 10:38:38.127 Z","level":"info","msg":"Current version is 7.10.3 (7.10.3-rc1/Thu Jun  8 13:22:13 UTC 2023/1b61e43a4abf085696e418530f0a32d4572712c7/none)","caller":"app/server.go:412","current_version":"7.10.3","build_number":"7.10.3-rc1","build_date":"Thu Jun  8 13:22:13 UTC 2023","build_hash":"1b61e43a4abf085696e418530f0a32d4572712c7","build_hash_enterprise":"none"}
{"timestamp":"2023-06-09 10:38:38.127 Z","level":"info","msg":"Team Edition Build","caller":"app/server.go:423","enterprise_build":false}
{"timestamp":"2023-06-09 10:38:38.127 Z","level":"info","msg":"Printing current working","caller":"app/server.go:427","directory":"/mattermost"}
{"timestamp":"2023-06-09 10:38:38.127 Z","level":"info","msg":"Loaded config","caller":"app/server.go:428","source":"file:///mattermost/config/config.json"}
{"timestamp":"2023-06-09 10:38:38.150 Z","level":"info","msg":"Starting workers","caller":"jobs/workers.go:48"}
{"timestamp":"2023-06-09 10:38:38.150 Z","level":"info","msg":"Starting schedulers.","caller":"jobs/schedulers.go:47"}
{"timestamp":"2023-06-09 10:38:38.150 Z","level":"info","msg":"Migrating roles to database.","caller":"app/migrations.go:36"}
{"timestamp":"2023-06-09 10:38:38.287 Z","level":"warn","msg":"Fetching time of first server run failed. Setting to 'now'.","caller":"app/server.go:517"}
{"timestamp":"2023-06-09 10:38:38.294 Z","level":"error","msg":"License key from https://mattermost.com required to unlock enterprise features.","caller":"platform/license.go:101","error":"resource: License id: "}
{"timestamp":"2023-06-09 10:38:38.417 Z","level":"info","msg":"Migrating emojis config to database.","caller":"app/migrations.go:113"}
{"timestamp":"2023-06-09 10:38:41.203 Z","level":"info","msg":"Skipping triggering Elasticsearch channel index fix job as build is not Enterprise ready","caller":"app/migrations.go:570"}
{"timestamp":"2023-06-09 10:38:41.285 Z","level":"info","msg":"Starting up plugins","caller":"app/plugin.go:218"}
{"timestamp":"2023-06-09 10:38:41.285 Z","level":"info","msg":"Syncing plugins from the file store","caller":"app/plugin.go:299"}
{"timestamp":"2023-06-09 10:38:45.100 Z","level":"info","msg":"Ensuring Feedbackbot exists","caller":"app/plugin_api.go:973","plugin_id":"com.mattermost.nps"}
{"timestamp":"2023-06-09 10:38:45.253 Z","level":"info","msg":"Post.Message has size restrictions","caller":"sqlstore/post_store.go:2544","max_characters":16383,"max_bytes":65535}
{"timestamp":"2023-06-09 10:38:45.344 Z","level":"info","msg":"feedbackbot created","caller":"app/plugin_api.go:973","plugin_id":"com.mattermost.nps"}
{"timestamp":"2023-06-09 10:38:45.363 Z","level":"info","msg":"Upgrade detected. Checking if a survey should be scheduled.","caller":"app/plugin_api.go:973","plugin_id":"com.mattermost.nps"}
{"timestamp":"2023-06-09 10:38:45.367 Z","level":"info","msg":"Setting welcome feedback migration date","caller":"app/plugin_api.go:973","plugin_id":"com.mattermost.nps","date":"2023-06-09 10:38:45.345267475 +0000 UTC"}
{"timestamp":"2023-06-09 10:38:45.390 Z","level":"info","msg":"Scheduling next survey for Jul 24, 2023","caller":"app/plugin_api.go:973","plugin_id":"com.mattermost.nps"}
{"timestamp":"2023-06-09 10:38:45.427 Z","level":"info","msg":"Sent notification of next survey to admins","caller":"app/plugin_api.go:973","plugin_id":"com.mattermost.nps"}
{"timestamp":"2023-06-09 10:38:47.071 Z","level":"info","msg":"activated","caller":"app/plugin_api.go:973","plugin_id":"com.mattermost.apps","plugin_caller":"server/plugin.go:135"}
{"timestamp":"2023-06-09 10:38:48.250 Z","level":"info","msg":"got public IP address","caller":"app/plugin_api.go:973","plugin_id":"com.mattermost.calls","origin":"main.(*logger).Info log.go:95","addr":"86.74.4.212"}
{"timestamp":"2023-06-09 10:38:48.251 Z","level":"info","msg":"rtc: server is listening on udp :8443","caller":"app/plugin_api.go:973","plugin_id":"com.mattermost.calls","origin":"main.(*logger).Info log.go:95"}
{"timestamp":"2023-06-09 10:38:48.252 Z","level":"info","msg":"rtc: server is listening on udp :8443","caller":"app/plugin_api.go:973","plugin_id":"com.mattermost.calls","origin":"main.(*logger).Info log.go:95"}
{"timestamp":"2023-06-09 10:38:48.252 Z","level":"info","msg":"rtc: server is listening on udp :8443","caller":"app/plugin_api.go:973","plugin_id":"com.mattermost.calls","origin":"main.(*logger).Info log.go:95"}
{"timestamp":"2023-06-09 10:38:48.253 Z","level":"info","msg":"rtc: server is listening on udp :8443","caller":"app/plugin_api.go:973","plugin_id":"com.mattermost.calls","origin":"main.(*logger).Info log.go:95"}
{"timestamp":"2023-06-09 10:38:48.254 Z","level":"info","msg":"rtc: server is listening on udp :8443","caller":"app/plugin_api.go:973","plugin_id":"com.mattermost.calls","origin":"main.(*logger).Info log.go:95"}
{"timestamp":"2023-06-09 10:38:48.254 Z","level":"info","msg":"rtc: server is listening on udp :8443","caller":"app/plugin_api.go:973","plugin_id":"com.mattermost.calls","origin":"main.(*logger).Info log.go:95"}
{"timestamp":"2023-06-09 10:38:48.255 Z","level":"info","msg":"rtc: server is listening on udp :8443","caller":"app/plugin_api.go:973","plugin_id":"com.mattermost.calls","origin":"main.(*logger).Info log.go:95"}
{"timestamp":"2023-06-09 10:38:48.256 Z","level":"info","msg":"rtc: server is listening on udp :8443","caller":"app/plugin_api.go:973","plugin_id":"com.mattermost.calls","origin":"main.(*logger).Info log.go:95"}
{"timestamp":"2023-06-09 10:38:48.257 Z","level":"info","msg":"rtc: server is listening on udp :8443","caller":"app/plugin_api.go:973","plugin_id":"com.mattermost.calls","origin":"main.(*logger).Info log.go:95"}
{"timestamp":"2023-06-09 10:38:48.258 Z","level":"info","msg":"rtc: server is listening on udp :8443","caller":"app/plugin_api.go:973","plugin_id":"com.mattermost.calls","origin":"main.(*logger).Info log.go:95"}
{"timestamp":"2023-06-09 10:38:48.258 Z","level":"info","msg":"rtc: server is listening on udp :8443","caller":"app/plugin_api.go:973","plugin_id":"com.mattermost.calls","origin":"main.(*logger).Info log.go:95"}
{"timestamp":"2023-06-09 10:38:48.259 Z","level":"info","msg":"rtc: server is listening on udp :8443","caller":"app/plugin_api.go:973","plugin_id":"com.mattermost.calls","origin":"main.(*logger).Info log.go:95"}
{"timestamp":"2023-06-09 10:38:48.738 Z","level":"warn","msg":"Rudder credentials are not set. Disabling analytics.","caller":"app/plugin_api.go:979","plugin_id":"playbooks","plugin_caller":"github.com/mattermost/mattermost-plugin-playbooks/server/plugin.go:141"}
{"timestamp":"2023-06-09 10:38:49.778 Z","level":"info","msg":"connectDatabase","caller":"app/plugin_api.go:973","plugin_id":"focalboard","dbType":"postgres"}
{"timestamp":"2023-06-09 10:38:49.862 Z","level":"info","msg":"Schema migration table is correct format","caller":"app/plugin_api.go:973","plugin_id":"focalboard"}
{"timestamp":"2023-06-09 10:38:49.864 Z","level":"info","msg":"{\"level\":\"info\",\"msg\":\"Pinging SQL\",\"fields\":{\"dataSource\":\"\\\"postgres://%2A%2A%2A%2A:%2A%2A%2A%2A@postgres:5432/mattermost?connect_timeout=10\\u0026sslmode=disable\\\"\",\"database\":\"master\"}}\n","caller":"io/io.go:429","plugin_id":"focalboard","source":"plugin_stderr"}
{"timestamp":"2023-06-09 10:38:50.064 Z","level":"info","msg":"2023/06/09 10:38:50 ==  init: migrating  ===============================================================================\n","caller":"io/io.go:429","plugin_id":"focalboard","source":"plugin_stderr"}
{"timestamp":"2023-06-09 10:38:50.112 Z","level":"info","msg":"2023/06/09 10:38:50 ==  init: migrated (0.0473s)  ======================================================================\n2023/06/09 10:38:50 ==  system_settings_table: migrating  ==============================================================\n","caller":"io/io.go:429","plugin_id":"focalboard","source":"plugin_stderr"}
{"timestamp":"2023-06-09 10:38:50.151 Z","level":"info","msg":"2023/06/09 10:38:50 ==  system_settings_table: migrated (0.0394s)  =====================================================\n2023/06/09 10:38:50 ==  blocks_rootid: migrating  ======================================================================\n","caller":"io/io.go:429","plugin_id":"focalboard","source":"plugin_stderr"}
{"timestamp":"2023-06-09 10:38:50.156 Z","level":"info","msg":"2023/06/09 10:38:50 ==  blocks_rootid: migrated (0.0048s)  =============================================================\n2023/06/09 10:38:50 ==  auth_table: migrating  =========================================================================\n","caller":"io/io.go:429","plugin_id":"focalboard","source":"plugin_stderr"}
{"timestamp":"2023-06-09 10:38:50.222 Z","level":"info","msg":"2023/06/09 10:38:50 ==  auth_table: migrated (0.0657s)  ================================================================\n2023/06/09 10:38:50 ==  blocks_modifiedby: migrating  ==================================================================\n","caller":"io/io.go:429","plugin_id":"focalboard","source":"plugin_stderr"}
{"timestamp":"2023-06-09 10:38:50.227 Z","level":"info","msg":"2023/06/09 10:38:50 ==  blocks_modifiedby: migrated (0.0052s)  =========================================================\n2023/06/09 10:38:50 ==  sharing_table: migrating  ======================================================================\n","caller":"io/io.go:429","plugin_id":"focalboard","source":"plugin_stderr"}
{"timestamp":"2023-06-09 10:38:50.247 Z","level":"info","msg":"2023/06/09 10:38:50 ==  sharing_table: migrated (0.0199s)  =============================================================\n2023/06/09 10:38:50 ==  workspaces_table: migrating  ===================================================================\n","caller":"io/io.go:429","plugin_id":"focalboard","source":"plugin_stderr"}
{"timestamp":"2023-06-09 10:38:50.280 Z","level":"info","msg":"2023/06/09 10:38:50 ==  workspaces_table: migrated (0.0330s)  ==========================================================\n2023/06/09 10:38:50 ==  teams: migrating  ==============================================================================\n","caller":"io/io.go:429","plugin_id":"focalboard","source":"plugin_stderr"}
{"timestamp":"2023-06-09 10:38:50.288 Z","level":"info","msg":"2023/06/09 10:38:50 ==  teams: migrated (0.0085s)  =====================================================================\n2023/06/09 10:38:50 ==  blocks_history: migrating  =====================================================================\n","caller":"io/io.go:429","plugin_id":"focalboard","source":"plugin_stderr"}
{"timestamp":"2023-06-09 10:38:50.367 Z","level":"info","msg":"2023/06/09 10:38:50 ==  blocks_history: migrated (0.0783s)  ============================================================\n2023/06/09 10:38:50 ==  blocks_created_by: migrating  ==================================================================\n","caller":"io/io.go:429","plugin_id":"focalboard","source":"plugin_stderr"}
{"timestamp":"2023-06-09 10:38:50.375 Z","level":"info","msg":"2023/06/09 10:38:50 ==  blocks_created_by: migrated (0.0084s)  =========================================================\n2023/06/09 10:38:50 ==  match_collation: migrating  ====================================================================\n","caller":"io/io.go:429","plugin_id":"focalboard","source":"plugin_stderr"}
{"timestamp":"2023-06-09 10:38:50.380 Z","level":"info","msg":"2023/06/09 10:38:50 ==  match_collation: migrated (0.0045s)  ===========================================================\n2023/06/09 10:38:50 ==  match_column_collation: migrating  =============================================================\n","caller":"io/io.go:429","plugin_id":"focalboard","source":"plugin_stderr"}
{"timestamp":"2023-06-09 10:38:50.384 Z","level":"info","msg":"2023/06/09 10:38:50 ==  match_column_collation: migrated (0.0039s)  ====================================================\n2023/06/09 10:38:50 ==  millisecond_timestamps: migrating  =============================================================\n","caller":"io/io.go:429","plugin_id":"focalboard","source":"plugin_stderr"}
{"timestamp":"2023-06-09 10:38:50.401 Z","level":"info","msg":"2023/06/09 10:38:50 ==  millisecond_timestamps: migrated (0.0171s)  ====================================================\n2023/06/09 10:38:50 ==  add_not_null_constraint: migrating  ============================================================\n","caller":"io/io.go:429","plugin_id":"focalboard","source":"plugin_stderr"}
{"timestamp":"2023-06-09 10:38:50.408 Z","level":"info","msg":"2023/06/09 10:38:50 ==  add_not_null_constraint: migrated (0.0066s)  ===================================================\n","caller":"io/io.go:429","plugin_id":"focalboard","source":"plugin_stderr"}
{"timestamp":"2023-06-09 10:38:50.427 Z","level":"info","msg":"2023/06/09 10:38:50 ==  blocks_history_no_nulls: migrating  ============================================================\n","caller":"io/io.go:429","plugin_id":"focalboard","source":"plugin_stderr"}
{"timestamp":"2023-06-09 10:38:50.434 Z","level":"info","msg":"2023/06/09 10:38:50 ==  blocks_history_no_nulls: migrated (0.0068s)  ===================================================\n2023/06/09 10:38:50 ==  subscriptions_table: migrating  ================================================================\n","caller":"io/io.go:429","plugin_id":"focalboard","source":"plugin_stderr"}
{"timestamp":"2023-06-09 10:38:50.467 Z","level":"info","msg":"2023/06/09 10:38:50 ==  subscriptions_table: migrated (0.0329s)  =======================================================\n2023/06/09 10:38:50 ==  add_file_info: migrating  ======================================================================\n","caller":"io/io.go:429","plugin_id":"focalboard","source":"plugin_stderr"}
{"timestamp":"2023-06-09 10:38:50.497 Z","level":"info","msg":"2023/06/09 10:38:50 ==  add_file_info: migrated (0.0291s)  =============================================================\n2023/06/09 10:38:50 ==  add_teams_and_boards: migrating  ===============================================================\n","caller":"io/io.go:429","plugin_id":"focalboard","source":"plugin_stderr"}
{"timestamp":"2023-06-09 10:38:50.635 Z","level":"info","msg":"2023/06/09 10:38:50 ==  add_teams_and_boards: migrated (0.1387s)  ======================================================\n","caller":"io/io.go:429","plugin_id":"focalboard","source":"plugin_stderr"}
{"timestamp":"2023-06-09 10:38:50.665 Z","level":"info","msg":"2023/06/09 10:38:50 ==  populate_categories: migrating  ================================================================\n","caller":"io/io.go:429","plugin_id":"focalboard","source":"plugin_stderr"}
{"timestamp":"2023-06-09 10:38:50.699 Z","level":"info","msg":"2023/06/09 10:38:50 ==  populate_categories: migrated (0.0346s)  =======================================================\n2023/06/09 10:38:50 ==  populate_category_blocks: migrating  ===========================================================\n","caller":"io/io.go:429","plugin_id":"focalboard","source":"plugin_stderr"}
{"timestamp":"2023-06-09 10:38:50.727 Z","level":"info","msg":"2023/06/09 10:38:50 ==  populate_category_blocks: migrated (0.0274s)  ==================================================\n","caller":"io/io.go:429","plugin_id":"focalboard","source":"plugin_stderr"}
{"timestamp":"2023-06-09 10:38:50.754 Z","level":"info","msg":"2023/06/09 10:38:50 ==  create_boards_members_history: migrating  ======================================================\n","caller":"io/io.go:429","plugin_id":"focalboard","source":"plugin_stderr"}
{"timestamp":"2023-06-09 10:38:50.811 Z","level":"info","msg":"2023/06/09 10:38:50 ==  create_boards_members_history: migrated (0.0574s)  =============================================\n2023/06/09 10:38:50 ==  create_default_board_role: migrating  ==========================================================\n","caller":"io/io.go:429","plugin_id":"focalboard","source":"plugin_stderr"}
{"timestamp":"2023-06-09 10:38:50.822 Z","level":"info","msg":"2023/06/09 10:38:50 ==  create_default_board_role: migrated (0.0108s)  =================================================\n2023/06/09 10:38:50 ==  persist_category_collapsed_state: migrating  ===================================================\n","caller":"io/io.go:429","plugin_id":"focalboard","source":"plugin_stderr"}
{"timestamp":"2023-06-09 10:38:50.828 Z","level":"info","msg":"2023/06/09 10:38:50 ==  persist_category_collapsed_state: migrated (0.0055s)  ==========================================\n2023/06/09 10:38:50 ==  mark_existsing_categories_collapsed: migrating  ================================================\n","caller":"io/io.go:429","plugin_id":"focalboard","source":"plugin_stderr"}
{"timestamp":"2023-06-09 10:38:50.835 Z","level":"info","msg":"2023/06/09 10:38:50 ==  mark_existsing_categories_collapsed: migrated (0.0075s)  =======================================\n2023/06/09 10:38:50 ==  indexes_update: migrating  =====================================================================\n","caller":"io/io.go:429","plugin_id":"focalboard","source":"plugin_stderr"}
{"timestamp":"2023-06-09 10:38:50.884 Z","level":"info","msg":"2023/06/09 10:38:50 ==  indexes_update: migrated (0.0485s)  ============================================================\n2023/06/09 10:38:50 ==  create_preferences_table: migrating  ===========================================================\n","caller":"io/io.go:429","plugin_id":"focalboard","source":"plugin_stderr"}
{"timestamp":"2023-06-09 10:38:50.917 Z","level":"info","msg":"2023/06/09 10:38:50 ==  create_preferences_table: migrated (0.0336s)  ==================================================\n2023/06/09 10:38:50 ==  migrate_user_props_to_preferences: migrating  ==================================================\n","caller":"io/io.go:429","plugin_id":"focalboard","source":"plugin_stderr"}
{"timestamp":"2023-06-09 10:38:51.014 Z","level":"info","msg":"2023/06/09 10:38:51 ==  migrate_user_props_to_preferences: migrated (0.0963s)  =========================================\n2023/06/09 10:38:51 ==  remove_template_channel_link: migrating  =======================================================\n","caller":"io/io.go:429","plugin_id":"focalboard","source":"plugin_stderr"}
{"timestamp":"2023-06-09 10:38:51.019 Z","level":"info","msg":"2023/06/09 10:38:51 ==  remove_template_channel_link: migrated (0.0048s)  ==============================================\n2023/06/09 10:38:51 ==  add_category_type_field: migrating  ============================================================\n","caller":"io/io.go:429","plugin_id":"focalboard","source":"plugin_stderr"}
{"timestamp":"2023-06-09 10:38:51.024 Z","level":"info","msg":"2023/06/09 10:38:51 ==  add_category_type_field: migrated (0.0055s)  ===================================================\n2023/06/09 10:38:51 ==  add_category_sort_order: migrating  ============================================================\n","caller":"io/io.go:429","plugin_id":"focalboard","source":"plugin_stderr"}
{"timestamp":"2023-06-09 10:38:51.029 Z","level":"info","msg":"2023/06/09 10:38:51 ==  add_category_sort_order: migrated (0.0050s)  ===================================================\n2023/06/09 10:38:51 ==  add_category_boards_sort_order: migrating  =====================================================\n","caller":"io/io.go:429","plugin_id":"focalboard","source":"plugin_stderr"}
{"timestamp":"2023-06-09 10:38:51.041 Z","level":"info","msg":"2023/06/09 10:38:51 ==  add_category_boards_sort_order: migrated (0.0121s)  ============================================\n2023/06/09 10:38:51 ==  move_boards_category_to_end: migrating  ========================================================\n","caller":"io/io.go:429","plugin_id":"focalboard","source":"plugin_stderr"}
{"timestamp":"2023-06-09 10:38:51.050 Z","level":"info","msg":"2023/06/09 10:38:51 ==  move_boards_category_to_end: migrated (0.0082s)  ===============================================\n2023/06/09 10:38:51 ==  remove_deleted_category_boards: migrating  =====================================================\n","caller":"io/io.go:429","plugin_id":"focalboard","source":"plugin_stderr"}
{"timestamp":"2023-06-09 10:38:51.058 Z","level":"info","msg":"2023/06/09 10:38:51 ==  remove_deleted_category_boards: migrated (0.0086s)  ============================================\n2023/06/09 10:38:51 ==  category_boards_remove_unused_delete_at_column: migrating  =====================================\n","caller":"io/io.go:429","plugin_id":"focalboard","source":"plugin_stderr"}
{"timestamp":"2023-06-09 10:38:51.063 Z","level":"info","msg":"2023/06/09 10:38:51 ==  category_boards_remove_unused_delete_at_column: migrated (0.0051s)  ============================\n2023/06/09 10:38:51 ==  add_hidden_board_column: migrating  ============================================================\n","caller":"io/io.go:429","plugin_id":"focalboard","source":"plugin_stderr"}
{"timestamp":"2023-06-09 10:38:51.069 Z","level":"info","msg":"2023/06/09 10:38:51 ==  add_hidden_board_column: migrated (0.0059s)  ===================================================\n","caller":"io/io.go:429","plugin_id":"focalboard","source":"plugin_stderr"}
{"timestamp":"2023-06-09 10:38:51.101 Z","level":"info","msg":"2023/06/09 10:38:51 ==  category_board_add_unique_constraint: migrating  ===============================================\n","caller":"io/io.go:429","plugin_id":"focalboard","source":"plugin_stderr"}
{"timestamp":"2023-06-09 10:38:51.119 Z","level":"info","msg":"2023/06/09 10:38:51 ==  category_board_add_unique_constraint: migrated (0.0178s)  ======================================\n2023/06/09 10:38:51 ==  hidden_boards_from_preferences: migrating  =====================================================\n","caller":"io/io.go:429","plugin_id":"focalboard","source":"plugin_stderr"}
{"timestamp":"2023-06-09 10:38:51.130 Z","level":"info","msg":"2023/06/09 10:38:51 ==  hidden_boards_from_preferences: migrated (0.0110s)  ============================================\n2023/06/09 10:38:51 ==  delete_hiddenBoardIDs_from_preferences: migrating  =============================================\n","caller":"io/io.go:429","plugin_id":"focalboard","source":"plugin_stderr"}
{"timestamp":"2023-06-09 10:38:51.135 Z","level":"info","msg":"2023/06/09 10:38:51 ==  delete_hiddenBoardIDs_from_preferences: migrated (0.0057s)  ====================================\n2023/06/09 10:38:51 ==  add_path_to_file_info: migrating  ==============================================================\n","caller":"io/io.go:429","plugin_id":"focalboard","source":"plugin_stderr"}
{"timestamp":"2023-06-09 10:38:51.144 Z","level":"info","msg":"2023/06/09 10:38:51 ==  add_path_to_file_info: migrated (0.0086s)  =====================================================\n","caller":"io/io.go:429","plugin_id":"focalboard","source":"plugin_stderr"}
{"timestamp":"2023-06-09 10:38:51.204 Z","level":"info","msg":"Initialized notification backend","caller":"app/plugin_api.go:973","plugin_id":"focalboard","name":"notifyMentions"}
{"timestamp":"2023-06-09 10:38:51.205 Z","level":"info","msg":"Initialized notification backend","caller":"app/plugin_api.go:973","plugin_id":"focalboard","name":"notifySubscriptions"}
{"timestamp":"2023-06-09 10:38:51.206 Z","level":"info","msg":"Initialized notification backend","caller":"app/plugin_api.go:973","plugin_id":"focalboard","name":"notifyLogger"}
{"timestamp":"2023-06-09 10:38:55.514 Z","level":"info","msg":"registered collection and topic type","caller":"app/collection.go:33","plugin_id":"playbooks","collection_type":"run","topic_type":"status"}
{"timestamp":"2023-06-09 10:38:55.515 Z","level":"info","msg":"registered collection and topic type","caller":"app/collection.go:33","plugin_id":"playbooks","collection_type":"run","topic_type":"task"}
{"timestamp":"2023-06-09 10:38:55.842 Z","level":"info","msg":"Focalboard server","caller":"app/plugin_api.go:973","plugin_id":"focalboard","version":"7.10.1","edition":"plugin","build_number":"5148200980","build_date":"\"Thu Jun  1 19:06:04 UTC 2023\"","build_hash":"39c82539b51cd4f0ecac3f6eaadd024cd33dd8c8"}
{"timestamp":"2023-06-09 10:38:55.842 Z","level":"info","msg":"Server.Start","caller":"app/plugin_api.go:973","plugin_id":"focalboard"}
{"timestamp":"2023-06-09 10:38:55.859 Z","level":"info","msg":"Boards product successfully started.","caller":"app/plugin_api.go:973","plugin_id":"focalboard"}
{"timestamp":"2023-06-09 10:38:55.937 Z","level":"error","msg":"Mail server connection test failed","caller":"app/server.go:881","error":"unable to connect: unable to connect to the SMTP server: dial tcp 127.0.0.1:10025: connect: connection refused"}
{"timestamp":"2023-06-09 10:38:55.946 Z","level":"info","msg":"Starting Server...","caller":"app/server.go:899"}
{"timestamp":"2023-06-09 10:38:55.947 Z","level":"info","msg":"Server is listening on [::]:8065","caller":"app/server.go:971","address":"[::]:8065"}
{"timestamp":"2023-06-09 10:39:54.771 Z","level":"info","msg":"Stopping Server...","caller":"app/server.go:669"}
{"timestamp":"2023-06-09 10:39:54.806 Z","level":"info","msg":"Shutting down Email batching service...","caller":"email/service.go:85"}
{"timestamp":"2023-06-09 10:39:54.807 Z","level":"info","msg":"Stopped workers","caller":"jobs/workers.go:90"}
{"timestamp":"2023-06-09 10:39:54.807 Z","level":"info","msg":"Stopping schedulers.","caller":"jobs/schedulers.go:118"}
{"timestamp":"2023-06-09 10:39:54.807 Z","level":"info","msg":"Schedulers stopped.","caller":"jobs/schedulers.go:50"}
{"timestamp":"2023-06-09 10:39:54.807 Z","level":"info","msg":"Shutting down plugins","caller":"app/plugin.go:379"}
{"timestamp":"2023-06-09 10:39:54.810 Z","level":"info","msg":"rtc: server was shutdown","caller":"app/plugin_api.go:973","plugin_id":"com.mattermost.calls","origin":"main.(*logger).Info log.go:95"}
{"timestamp":"2023-06-09 10:39:54.812 Z","level":"info","msg":"plugin process exited","caller":"plugin/hclog_adapter.go:61","plugin_id":"playbooks","wrapped_extras":"pathplugins/playbooks/server/dist/plugin-linux-amd64pid84"}
{"timestamp":"2023-06-09 10:39:54.813 Z","level":"info","msg":"plugin process exited","caller":"plugin/hclog_adapter.go:61","plugin_id":"com.mattermost.nps","wrapped_extras":"pathplugins/com.mattermost.nps/server/dist/plugin-linux-amd64pid43"}
{"timestamp":"2023-06-09 10:39:54.813 Z","level":"info","msg":"Server.Shutdown","caller":"app/plugin_api.go:973","plugin_id":"focalboard"}
{"timestamp":"2023-06-09 10:39:54.814 Z","level":"info","msg":"plugin process exited","caller":"plugin/hclog_adapter.go:61","plugin_id":"com.mattermost.apps","wrapped_extras":"pathplugins/com.mattermost.apps/server/dist/plugin-linux-amd64pid56"}
{"timestamp":"2023-06-09 10:39:54.818 Z","level":"info","msg":"plugin process exited","caller":"plugin/hclog_adapter.go:61","plugin_id":"focalboard","wrapped_extras":"pathplugins/focalboard/server/dist/plugin-linux-amd64pid100"}
{"timestamp":"2023-06-09 10:39:54.834 Z","level":"info","msg":"plugin process exited","caller":"plugin/hclog_adapter.go:61","plugin_id":"com.mattermost.calls","wrapped_extras":"pathplugins/com.mattermost.calls/server/dist/plugin-linux-amd64pid71"}
{"timestamp":"2023-06-09 10:39:54.834 Z","level":"info","msg":"stopping websocket hub connections","caller":"platform/web_hub.go:115"}
{"timestamp":"2023-06-09 10:39:54.834 Z","level":"info","msg":"Server stopped","caller":"app/server.go:755"}
{"timestamp":"2023-06-09 11:48:06.841 Z","level":"info","msg":"Server is initializing...","caller":"platform/service.go:165","go_version":"go1.19.5"}
{"timestamp":"2023-06-09 11:48:06.841 Z","level":"info","msg":"Pinging SQL","caller":"sqlstore/store.go:242","database":"master","dataSource":"postgres://%2A%2A%2A%2A:%2A%2A%2A%2A@postgres:5432/mattermost?connect_timeout=10&sslmode=disable"}
{"timestamp":"2023-06-09 11:48:06.848 Z","level":"error","msg":"Failed to ping DB","caller":"sqlstore/store.go:252","error":"dial tcp 172.20.0.2:5432: connect: connection refused","retrying in seconds":10}
{"timestamp":"2023-06-09 11:48:16.852 Z","level":"info","msg":"Pinging SQL","caller":"sqlstore/store.go:242","database":"master","dataSource":"postgres://%2A%2A%2A%2A:%2A%2A%2A%2A@postgres:5432/mattermost?connect_timeout=10&sslmode=disable"}
{"timestamp":"2023-06-09 11:48:16.854 Z","level":"error","msg":"Failed to ping DB","caller":"sqlstore/store.go:252","error":"pq: the database system is starting up","retrying in seconds":10}
{"timestamp":"2023-06-09 11:48:26.856 Z","level":"info","msg":"Pinging SQL","caller":"sqlstore/store.go:242","database":"master","dataSource":"postgres://%2A%2A%2A%2A:%2A%2A%2A%2A@postgres:5432/mattermost?connect_timeout=10&sslmode=disable"}
{"timestamp":"2023-06-09 11:48:26.860 Z","level":"error","msg":"Failed to ping DB","caller":"sqlstore/store.go:252","error":"pq: the database system is starting up","retrying in seconds":10}
{"timestamp":"2023-06-09 11:48:36.862 Z","level":"info","msg":"Pinging SQL","caller":"sqlstore/store.go:242","database":"master","dataSource":"postgres://%2A%2A%2A%2A:%2A%2A%2A%2A@postgres:5432/mattermost?connect_timeout=10&sslmode=disable"}
{"timestamp":"2023-06-09 11:48:37.121 Z","level":"info","msg":"Starting websocket hubs","caller":"platform/web_hub.go:95","number_of_hubs":24}
{"timestamp":"2023-06-09 11:48:37.124 Z","level":"info","msg":"Loaded system translations","caller":"i18n/i18n.go:132","for locale":"en","from locale":"/mattermost/i18n/en.json"}
{"timestamp":"2023-06-09 11:48:37.139 Z","level":"info","msg":"Ensuring the telemetry ID","caller":"telemetry/telemetry.go:142","id":"men4res8pjdx3czhunijzx1epo"}
{"timestamp":"2023-06-09 11:48:37.150 Z","level":"info","msg":"Current version is 7.10.3 (7.10.3-rc1/Thu Jun  8 13:22:13 UTC 2023/1b61e43a4abf085696e418530f0a32d4572712c7/none)","caller":"app/server.go:412","current_version":"7.10.3","build_number":"7.10.3-rc1","build_date":"Thu Jun  8 13:22:13 UTC 2023","build_hash":"1b61e43a4abf085696e418530f0a32d4572712c7","build_hash_enterprise":"none"}
{"timestamp":"2023-06-09 11:48:37.150 Z","level":"info","msg":"Team Edition Build","caller":"app/server.go:423","enterprise_build":false}
{"timestamp":"2023-06-09 11:48:37.150 Z","level":"info","msg":"Printing current working","caller":"app/server.go:427","directory":"/mattermost"}
{"timestamp":"2023-06-09 11:48:37.150 Z","level":"info","msg":"Loaded config","caller":"app/server.go:428","source":"file:///mattermost/config/config.json"}
{"timestamp":"2023-06-09 11:48:37.183 Z","level":"info","msg":"Starting workers","caller":"jobs/workers.go:48"}
{"timestamp":"2023-06-09 11:48:37.184 Z","level":"info","msg":"Starting schedulers.","caller":"jobs/schedulers.go:47"}
{"timestamp":"2023-06-09 11:48:37.204 Z","level":"error","msg":"License key from https://mattermost.com required to unlock enterprise features.","caller":"platform/license.go:101","error":"resource: License id: "}
{"timestamp":"2023-06-09 11:48:37.481 Z","level":"info","msg":"Skipping triggering Elasticsearch channel index fix job as build is not Enterprise ready","caller":"app/migrations.go:570"}
{"timestamp":"2023-06-09 11:48:37.720 Z","level":"info","msg":"Starting up plugins","caller":"app/plugin.go:218"}
{"timestamp":"2023-06-09 11:48:37.720 Z","level":"info","msg":"Syncing plugins from the file store","caller":"app/plugin.go:299"}
{"timestamp":"2023-06-09 11:48:42.304 Z","level":"info","msg":"Ensuring Feedbackbot exists","caller":"app/plugin_api.go:973","plugin_id":"com.mattermost.nps"}
{"timestamp":"2023-06-09 11:48:44.037 Z","level":"info","msg":"activated","caller":"app/plugin_api.go:973","plugin_id":"com.mattermost.apps","plugin_caller":"server/plugin.go:135"}
{"timestamp":"2023-06-09 11:48:44.787 Z","level":"info","msg":"got public IP address","caller":"app/plugin_api.go:973","plugin_id":"com.mattermost.calls","origin":"main.(*logger).Info log.go:95","addr":"86.74.4.212"}
{"timestamp":"2023-06-09 11:48:44.787 Z","level":"info","msg":"rtc: server is listening on udp :8443","caller":"app/plugin_api.go:973","plugin_id":"com.mattermost.calls","origin":"main.(*logger).Info log.go:95"}
{"timestamp":"2023-06-09 11:48:44.788 Z","level":"info","msg":"rtc: server is listening on udp :8443","caller":"app/plugin_api.go:973","plugin_id":"com.mattermost.calls","origin":"main.(*logger).Info log.go:95"}
{"timestamp":"2023-06-09 11:48:44.789 Z","level":"info","msg":"rtc: server is listening on udp :8443","caller":"app/plugin_api.go:973","plugin_id":"com.mattermost.calls","origin":"main.(*logger).Info log.go:95"}
{"timestamp":"2023-06-09 11:48:44.789 Z","level":"info","msg":"rtc: server is listening on udp :8443","caller":"app/plugin_api.go:973","plugin_id":"com.mattermost.calls","origin":"main.(*logger).Info log.go:95"}
{"timestamp":"2023-06-09 11:48:44.791 Z","level":"info","msg":"rtc: server is listening on udp :8443","caller":"app/plugin_api.go:973","plugin_id":"com.mattermost.calls","origin":"main.(*logger).Info log.go:95"}
{"timestamp":"2023-06-09 11:48:44.791 Z","level":"info","msg":"rtc: server is listening on udp :8443","caller":"app/plugin_api.go:973","plugin_id":"com.mattermost.calls","origin":"main.(*logger).Info log.go:95"}
{"timestamp":"2023-06-09 11:48:44.792 Z","level":"info","msg":"rtc: server is listening on udp :8443","caller":"app/plugin_api.go:973","plugin_id":"com.mattermost.calls","origin":"main.(*logger).Info log.go:95"}
{"timestamp":"2023-06-09 11:48:44.793 Z","level":"info","msg":"rtc: server is listening on udp :8443","caller":"app/plugin_api.go:973","plugin_id":"com.mattermost.calls","origin":"main.(*logger).Info log.go:95"}
{"timestamp":"2023-06-09 11:48:44.793 Z","level":"info","msg":"rtc: server is listening on udp :8443","caller":"app/plugin_api.go:973","plugin_id":"com.mattermost.calls","origin":"main.(*logger).Info log.go:95"}
{"timestamp":"2023-06-09 11:48:44.794 Z","level":"info","msg":"rtc: server is listening on udp :8443","caller":"app/plugin_api.go:973","plugin_id":"com.mattermost.calls","origin":"main.(*logger).Info log.go:95"}
{"timestamp":"2023-06-09 11:48:44.795 Z","level":"info","msg":"rtc: server is listening on udp :8443","caller":"app/plugin_api.go:973","plugin_id":"com.mattermost.calls","origin":"main.(*logger).Info log.go:95"}
{"timestamp":"2023-06-09 11:48:44.795 Z","level":"info","msg":"rtc: server is listening on udp :8443","caller":"app/plugin_api.go:973","plugin_id":"com.mattermost.calls","origin":"main.(*logger).Info log.go:95"}
{"timestamp":"2023-06-09 11:48:45.317 Z","level":"warn","msg":"Rudder credentials are not set. Disabling analytics.","caller":"app/plugin_api.go:979","plugin_id":"playbooks","plugin_caller":"github.com/mattermost/mattermost-plugin-playbooks/server/plugin.go:141"}
{"timestamp":"2023-06-09 11:48:45.361 Z","level":"info","msg":"registered collection and topic type","caller":"app/collection.go:33","plugin_id":"playbooks","collection_type":"run","topic_type":"status"}
{"timestamp":"2023-06-09 11:48:45.362 Z","level":"info","msg":"registered collection and topic type","caller":"app/collection.go:33","plugin_id":"playbooks","collection_type":"run","topic_type":"task"}
{"timestamp":"2023-06-09 11:48:46.677 Z","level":"info","msg":"connectDatabase","caller":"app/plugin_api.go:973","plugin_id":"focalboard","dbType":"postgres"}
{"timestamp":"2023-06-09 11:48:46.778 Z","level":"info","msg":"Schema migration table is correct format","caller":"app/plugin_api.go:973","plugin_id":"focalboard"}
{"timestamp":"2023-06-09 11:48:46.780 Z","level":"info","msg":"{\"level\":\"info\",\"msg\":\"Pinging SQL\",\"fields\":{\"dataSource\":\"\\\"postgres://%2A%2A%2A%2A:%2A%2A%2A%2A@postgres:5432/mattermost?connect_timeout=10\\u0026sslmode=disable\\\"\",\"database\":\"master\"}}\n","caller":"io/io.go:429","plugin_id":"focalboard","source":"plugin_stderr"}
{"timestamp":"2023-06-09 11:48:46.995 Z","level":"info","msg":"Initialized notification backend","caller":"app/plugin_api.go:973","plugin_id":"focalboard","name":"notifyMentions"}
{"timestamp":"2023-06-09 11:48:46.996 Z","level":"info","msg":"Initialized notification backend","caller":"app/plugin_api.go:973","plugin_id":"focalboard","name":"notifySubscriptions"}
{"timestamp":"2023-06-09 11:48:46.996 Z","level":"info","msg":"Initialized notification backend","caller":"app/plugin_api.go:973","plugin_id":"focalboard","name":"notifyLogger"}
{"timestamp":"2023-06-09 11:48:47.036 Z","level":"info","msg":"Focalboard server","caller":"app/plugin_api.go:973","plugin_id":"focalboard","version":"7.10.1","edition":"plugin","build_number":"5148200980","build_date":"\"Thu Jun  1 19:06:04 UTC 2023\"","build_hash":"39c82539b51cd4f0ecac3f6eaadd024cd33dd8c8"}
{"timestamp":"2023-06-09 11:48:47.036 Z","level":"info","msg":"Server.Start","caller":"app/plugin_api.go:973","plugin_id":"focalboard"}
{"timestamp":"2023-06-09 11:48:47.066 Z","level":"info","msg":"Boards product successfully started.","caller":"app/plugin_api.go:973","plugin_id":"focalboard"}
{"timestamp":"2023-06-09 11:48:47.168 Z","level":"error","msg":"Mail server connection test failed","caller":"app/server.go:881","error":"unable to connect: unable to connect to the SMTP server: dial tcp 127.0.0.1:10025: connect: connection refused"}
{"timestamp":"2023-06-09 11:48:47.178 Z","level":"info","msg":"Starting Server...","caller":"app/server.go:899"}
{"timestamp":"2023-06-09 11:48:47.178 Z","level":"info","msg":"Server is listening on [::]:8065","caller":"app/server.go:971","address":"[::]:8065"}
{"timestamp":"2023-06-09 11:49:06.379 Z","level":"info","msg":"Worker: Job is complete","caller":"migrations/worker.go:125","worker":"Migrations","job_id":"y5ytom3jwbdzpyyqc7jokwa33w"}
{"timestamp":"2023-06-09 11:50:00.013 Z","level":"error","msg":"Failed to get system bot","caller":"app/post.go:2129","error":"GetSystemBot: List of admins is empty."}
{"timestamp":"2023-06-09 11:53:02.450 Z","level":"info","msg":"Stopping Server...","caller":"app/server.go:669"}
{"timestamp":"2023-06-09 11:53:02.506 Z","level":"info","msg":"Shutting down Email batching service...","caller":"email/service.go:85"}
{"timestamp":"2023-06-09 11:53:02.507 Z","level":"info","msg":"Stopped workers","caller":"jobs/workers.go:90"}
{"timestamp":"2023-06-09 11:53:02.507 Z","level":"info","msg":"Stopping schedulers.","caller":"jobs/schedulers.go:118"}
{"timestamp":"2023-06-09 11:53:02.507 Z","level":"info","msg":"Schedulers stopped.","caller":"jobs/schedulers.go:50"}
{"timestamp":"2023-06-09 11:53:02.507 Z","level":"info","msg":"Shutting down plugins","caller":"app/plugin.go:379"}
{"timestamp":"2023-06-09 11:53:02.511 Z","level":"info","msg":"rtc: server was shutdown","caller":"app/plugin_api.go:973","plugin_id":"com.mattermost.calls","origin":"main.(*logger).Info log.go:95"}
{"timestamp":"2023-06-09 11:53:02.512 Z","level":"info","msg":"Server.Shutdown","caller":"app/plugin_api.go:973","plugin_id":"focalboard"}
{"timestamp":"2023-06-09 11:53:02.516 Z","level":"info","msg":"plugin process exited","caller":"plugin/hclog_adapter.go:61","plugin_id":"playbooks","wrapped_extras":"pathplugins/playbooks/server/dist/plugin-linux-amd64pid79"}
{"timestamp":"2023-06-09 11:53:02.516 Z","level":"info","msg":"plugin process exited","caller":"plugin/hclog_adapter.go:61","plugin_id":"com.mattermost.nps","wrapped_extras":"pathplugins/com.mattermost.nps/server/dist/plugin-linux-amd64pid40"}
{"timestamp":"2023-06-09 11:53:02.517 Z","level":"info","msg":"plugin process exited","caller":"plugin/hclog_adapter.go:61","plugin_id":"com.mattermost.apps","wrapped_extras":"pathplugins/com.mattermost.apps/server/dist/plugin-linux-amd64pid52"}
{"timestamp":"2023-06-09 11:53:02.520 Z","level":"info","msg":"plugin process exited","caller":"plugin/hclog_adapter.go:61","plugin_id":"focalboard","wrapped_extras":"pathplugins/focalboard/server/dist/plugin-linux-amd64pid95"}
{"timestamp":"2023-06-09 11:53:02.545 Z","level":"info","msg":"plugin process exited","caller":"plugin/hclog_adapter.go:61","plugin_id":"com.mattermost.calls","wrapped_extras":"pathplugins/com.mattermost.calls/server/dist/plugin-linux-amd64pid64"}
{"timestamp":"2023-06-09 11:53:02.545 Z","level":"info","msg":"stopping websocket hub connections","caller":"platform/web_hub.go:115"}
{"timestamp":"2023-06-09 11:53:02.547 Z","level":"info","msg":"Server stopped","caller":"app/server.go:755"}
{"timestamp":"2023-06-09 11:53:10.247 Z","level":"info","msg":"Server is initializing...","caller":"platform/service.go:165","go_version":"go1.19.5"}
{"timestamp":"2023-06-09 11:53:10.247 Z","level":"info","msg":"Pinging SQL","caller":"sqlstore/store.go:242","database":"master","dataSource":"postgres://%2A%2A%2A%2A:%2A%2A%2A%2A@postgres:5432/mattermost?connect_timeout=10&sslmode=disable"}
{"timestamp":"2023-06-09 11:53:10.248 Z","level":"error","msg":"Failed to ping DB","caller":"sqlstore/store.go:252","error":"dial tcp 172.20.0.2:5432: connect: connection refused","retrying in seconds":10}
{"timestamp":"2023-06-09 11:53:20.257 Z","level":"info","msg":"Pinging SQL","caller":"sqlstore/store.go:242","database":"master","dataSource":"postgres://%2A%2A%2A%2A:%2A%2A%2A%2A@postgres:5432/mattermost?connect_timeout=10&sslmode=disable"}
{"timestamp":"2023-06-09 11:53:20.479 Z","level":"info","msg":"Starting websocket hubs","caller":"platform/web_hub.go:95","number_of_hubs":24}
{"timestamp":"2023-06-09 11:53:20.480 Z","level":"info","msg":"Loaded system translations","caller":"i18n/i18n.go:132","for locale":"en","from locale":"/mattermost/i18n/en.json"}
{"timestamp":"2023-06-09 11:53:20.487 Z","level":"info","msg":"Ensuring the telemetry ID","caller":"telemetry/telemetry.go:142","id":"tqwi1y36zt8b9rek3hre81aeaa"}
{"timestamp":"2023-06-09 11:53:20.495 Z","level":"info","msg":"Current version is 7.10.3 (7.10.3-rc1/Thu Jun  8 13:22:13 UTC 2023/1b61e43a4abf085696e418530f0a32d4572712c7/none)","caller":"app/server.go:412","current_version":"7.10.3","build_number":"7.10.3-rc1","build_date":"Thu Jun  8 13:22:13 UTC 2023","build_hash":"1b61e43a4abf085696e418530f0a32d4572712c7","build_hash_enterprise":"none"}
{"timestamp":"2023-06-09 11:53:20.495 Z","level":"info","msg":"Team Edition Build","caller":"app/server.go:423","enterprise_build":false}
{"timestamp":"2023-06-09 11:53:20.495 Z","level":"info","msg":"Printing current working","caller":"app/server.go:427","directory":"/mattermost"}
{"timestamp":"2023-06-09 11:53:20.495 Z","level":"info","msg":"Loaded config","caller":"app/server.go:428","source":"file:///mattermost/config/config.json"}
{"timestamp":"2023-06-09 11:53:20.524 Z","level":"info","msg":"Starting workers","caller":"jobs/workers.go:48"}
{"timestamp":"2023-06-09 11:53:20.524 Z","level":"info","msg":"Starting schedulers.","caller":"jobs/schedulers.go:47"}
{"timestamp":"2023-06-09 11:53:20.664 Z","level":"info","msg":"Skipping triggering Elasticsearch channel index fix job as build is not Enterprise ready","caller":"app/migrations.go:570"}
{"timestamp":"2023-06-09 11:53:20.748 Z","level":"error","msg":"License key from https://mattermost.com required to unlock enterprise features.","caller":"platform/license.go:101","error":"resource: License id: "}
{"timestamp":"2023-06-09 11:53:20.863 Z","level":"info","msg":"Starting up plugins","caller":"app/plugin.go:218"}
{"timestamp":"2023-06-09 11:53:20.863 Z","level":"info","msg":"Syncing plugins from the file store","caller":"app/plugin.go:299"}
{"timestamp":"2023-06-09 11:53:24.451 Z","level":"info","msg":"Ensuring Feedbackbot exists","caller":"app/plugin_api.go:973","plugin_id":"com.mattermost.nps"}
{"timestamp":"2023-06-09 11:53:26.100 Z","level":"info","msg":"activated","caller":"app/plugin_api.go:973","plugin_id":"com.mattermost.apps","plugin_caller":"server/plugin.go:135"}
{"timestamp":"2023-06-09 11:53:26.946 Z","level":"info","msg":"got public IP address","caller":"app/plugin_api.go:973","plugin_id":"com.mattermost.calls","origin":"main.(*logger).Info log.go:95","addr":"86.74.4.212"}
{"timestamp":"2023-06-09 11:53:26.947 Z","level":"info","msg":"rtc: server is listening on udp :8443","caller":"app/plugin_api.go:973","plugin_id":"com.mattermost.calls","origin":"main.(*logger).Info log.go:95"}
{"timestamp":"2023-06-09 11:53:26.947 Z","level":"info","msg":"rtc: server is listening on udp :8443","caller":"app/plugin_api.go:973","plugin_id":"com.mattermost.calls","origin":"main.(*logger).Info log.go:95"}
{"timestamp":"2023-06-09 11:53:26.948 Z","level":"info","msg":"rtc: server is listening on udp :8443","caller":"app/plugin_api.go:973","plugin_id":"com.mattermost.calls","origin":"main.(*logger).Info log.go:95"}
{"timestamp":"2023-06-09 11:53:26.949 Z","level":"info","msg":"rtc: server is listening on udp :8443","caller":"app/plugin_api.go:973","plugin_id":"com.mattermost.calls","origin":"main.(*logger).Info log.go:95"}
{"timestamp":"2023-06-09 11:53:26.949 Z","level":"info","msg":"rtc: server is listening on udp :8443","caller":"app/plugin_api.go:973","plugin_id":"com.mattermost.calls","origin":"main.(*logger).Info log.go:95"}
{"timestamp":"2023-06-09 11:53:26.950 Z","level":"info","msg":"rtc: server is listening on udp :8443","caller":"app/plugin_api.go:973","plugin_id":"com.mattermost.calls","origin":"main.(*logger).Info log.go:95"}
{"timestamp":"2023-06-09 11:53:26.951 Z","level":"info","msg":"rtc: server is listening on udp :8443","caller":"app/plugin_api.go:973","plugin_id":"com.mattermost.calls","origin":"main.(*logger).Info log.go:95"}
{"timestamp":"2023-06-09 11:53:26.951 Z","level":"info","msg":"rtc: server is listening on udp :8443","caller":"app/plugin_api.go:973","plugin_id":"com.mattermost.calls","origin":"main.(*logger).Info log.go:95"}
{"timestamp":"2023-06-09 11:53:26.952 Z","level":"info","msg":"rtc: server is listening on udp :8443","caller":"app/plugin_api.go:973","plugin_id":"com.mattermost.calls","origin":"main.(*logger).Info log.go:95"}
{"timestamp":"2023-06-09 11:53:26.953 Z","level":"info","msg":"rtc: server is listening on udp :8443","caller":"app/plugin_api.go:973","plugin_id":"com.mattermost.calls","origin":"main.(*logger).Info log.go:95"}
{"timestamp":"2023-06-09 11:53:26.953 Z","level":"info","msg":"rtc: server is listening on udp :8443","caller":"app/plugin_api.go:973","plugin_id":"com.mattermost.calls","origin":"main.(*logger).Info log.go:95"}
{"timestamp":"2023-06-09 11:53:26.954 Z","level":"info","msg":"rtc: server is listening on udp :8443","caller":"app/plugin_api.go:973","plugin_id":"com.mattermost.calls","origin":"main.(*logger).Info log.go:95"}
{"timestamp":"2023-06-09 11:53:27.556 Z","level":"warn","msg":"Rudder credentials are not set. Disabling analytics.","caller":"app/plugin_api.go:979","plugin_id":"playbooks","plugin_caller":"github.com/mattermost/mattermost-plugin-playbooks/server/plugin.go:141"}
{"timestamp":"2023-06-09 11:53:27.605 Z","level":"info","msg":"registered collection and topic type","caller":"app/collection.go:33","plugin_id":"playbooks","collection_type":"run","topic_type":"status"}
{"timestamp":"2023-06-09 11:53:27.606 Z","level":"info","msg":"registered collection and topic type","caller":"app/collection.go:33","plugin_id":"playbooks","collection_type":"run","topic_type":"task"}
{"timestamp":"2023-06-09 11:53:28.800 Z","level":"info","msg":"connectDatabase","caller":"app/plugin_api.go:973","plugin_id":"focalboard","dbType":"postgres"}
{"timestamp":"2023-06-09 11:53:28.863 Z","level":"info","msg":"Schema migration table is correct format","caller":"app/plugin_api.go:973","plugin_id":"focalboard"}
{"timestamp":"2023-06-09 11:53:28.865 Z","level":"info","msg":"{\"level\":\"info\",\"msg\":\"Pinging SQL\",\"fields\":{\"dataSource\":\"\\\"postgres://%2A%2A%2A%2A:%2A%2A%2A%2A@postgres:5432/mattermost?connect_timeout=10\\u0026sslmode=disable\\\"\",\"database\":\"master\"}}\n","caller":"io/io.go:429","plugin_id":"focalboard","source":"plugin_stderr"}
{"timestamp":"2023-06-09 11:53:29.078 Z","level":"info","msg":"Initialized notification backend","caller":"app/plugin_api.go:973","plugin_id":"focalboard","name":"notifyMentions"}
{"timestamp":"2023-06-09 11:53:29.079 Z","level":"info","msg":"Initialized notification backend","caller":"app/plugin_api.go:973","plugin_id":"focalboard","name":"notifySubscriptions"}
{"timestamp":"2023-06-09 11:53:29.079 Z","level":"info","msg":"Initialized notification backend","caller":"app/plugin_api.go:973","plugin_id":"focalboard","name":"notifyLogger"}
{"timestamp":"2023-06-09 11:53:29.118 Z","level":"info","msg":"Focalboard server","caller":"app/plugin_api.go:973","plugin_id":"focalboard","version":"7.10.1","edition":"plugin","build_number":"5148200980","build_date":"\"Thu Jun  1 19:06:04 UTC 2023\"","build_hash":"39c82539b51cd4f0ecac3f6eaadd024cd33dd8c8"}
{"timestamp":"2023-06-09 11:53:29.118 Z","level":"info","msg":"Server.Start","caller":"app/plugin_api.go:973","plugin_id":"focalboard"}
{"timestamp":"2023-06-09 11:53:29.154 Z","level":"info","msg":"Boards product successfully started.","caller":"app/plugin_api.go:973","plugin_id":"focalboard"}
{"timestamp":"2023-06-09 11:53:29.251 Z","level":"error","msg":"Mail server connection test failed","caller":"app/server.go:881","error":"unable to connect: unable to connect to the SMTP server: dial tcp 127.0.0.1:10025: connect: connection refused"}
{"timestamp":"2023-06-09 11:53:29.267 Z","level":"info","msg":"Starting Server...","caller":"app/server.go:899"}
{"timestamp":"2023-06-09 11:53:29.268 Z","level":"info","msg":"Server is listening on [::]:8065","caller":"app/server.go:971","address":"[::]:8065"}
{"timestamp":"2023-06-09 11:53:46.914 Z","level":"info","msg":"Stopping Server...","caller":"app/server.go:669"}
{"timestamp":"2023-06-09 11:53:46.946 Z","level":"info","msg":"Shutting down Email batching service...","caller":"email/service.go:85"}
{"timestamp":"2023-06-09 11:53:46.946 Z","level":"info","msg":"Stopped workers","caller":"jobs/workers.go:90"}
{"timestamp":"2023-06-09 11:53:46.946 Z","level":"info","msg":"Stopping schedulers.","caller":"jobs/schedulers.go:118"}
{"timestamp":"2023-06-09 11:53:46.946 Z","level":"info","msg":"Schedulers stopped.","caller":"jobs/schedulers.go:50"}
{"timestamp":"2023-06-09 11:53:46.946 Z","level":"info","msg":"Shutting down plugins","caller":"app/plugin.go:379"}
{"timestamp":"2023-06-09 11:53:46.949 Z","level":"info","msg":"rtc: server was shutdown","caller":"app/plugin_api.go:973","plugin_id":"com.mattermost.calls","origin":"main.(*logger).Info log.go:95"}
{"timestamp":"2023-06-09 11:53:46.949 Z","level":"info","msg":"Server.Shutdown","caller":"app/plugin_api.go:973","plugin_id":"focalboard"}
{"timestamp":"2023-06-09 11:53:46.952 Z","level":"info","msg":"plugin process exited","caller":"plugin/hclog_adapter.go:61","plugin_id":"com.mattermost.nps","wrapped_extras":"pathplugins/com.mattermost.nps/server/dist/plugin-linux-amd64pid28"}
{"timestamp":"2023-06-09 11:53:46.953 Z","level":"info","msg":"plugin process exited","caller":"plugin/hclog_adapter.go:61","plugin_id":"playbooks","wrapped_extras":"pathplugins/playbooks/server/dist/plugin-linux-amd64pid71"}
{"timestamp":"2023-06-09 11:53:46.956 Z","level":"info","msg":"plugin process exited","caller":"plugin/hclog_adapter.go:61","plugin_id":"focalboard","wrapped_extras":"pathplugins/focalboard/server/dist/plugin-linux-amd64pid89"}
{"timestamp":"2023-06-09 11:53:46.956 Z","level":"info","msg":"plugin process exited","caller":"plugin/hclog_adapter.go:61","plugin_id":"com.mattermost.apps","wrapped_extras":"pathplugins/com.mattermost.apps/server/dist/plugin-linux-amd64pid41"}
{"timestamp":"2023-06-09 11:53:51.302 Z","level":"info","msg":"Server is initializing...","caller":"platform/service.go:165","go_version":"go1.19.5"}
{"timestamp":"2023-06-09 11:53:51.302 Z","level":"info","msg":"Pinging SQL","caller":"sqlstore/store.go:242","database":"master","dataSource":"postgres://%2A%2A%2A%2A:%2A%2A%2A%2A@postgres:5432/mattermost?connect_timeout=10&sslmode=disable"}
{"timestamp":"2023-06-09 11:53:51.304 Z","level":"error","msg":"Failed to ping DB","caller":"sqlstore/store.go:252","error":"dial tcp 172.20.0.2:5432: connect: connection refused","retrying in seconds":10}
{"timestamp":"2023-06-09 11:54:01.312 Z","level":"info","msg":"Pinging SQL","caller":"sqlstore/store.go:242","database":"master","dataSource":"postgres://%2A%2A%2A%2A:%2A%2A%2A%2A@postgres:5432/mattermost?connect_timeout=10&sslmode=disable"}
{"timestamp":"2023-06-09 11:54:01.542 Z","level":"info","msg":"Starting websocket hubs","caller":"platform/web_hub.go:95","number_of_hubs":24}
{"timestamp":"2023-06-09 11:54:01.544 Z","level":"info","msg":"Loaded system translations","caller":"i18n/i18n.go:132","for locale":"en","from locale":"/mattermost/i18n/en.json"}
{"timestamp":"2023-06-09 11:54:01.550 Z","level":"info","msg":"Ensuring the telemetry ID","caller":"telemetry/telemetry.go:142","id":"bf4ikku3opypmrkfged6n11ffe"}
{"timestamp":"2023-06-09 11:54:01.556 Z","level":"error","msg":"SiteURL must be set. Some features will operate incorrectly if the SiteURL is not set. See documentation for details: https://docs.mattermost.com/configure/configuration-settings.html#site-url","caller":"app/server.go:403"}
{"timestamp":"2023-06-09 11:54:01.556 Z","level":"info","msg":"Current version is 7.10.3 (7.10.3-rc1/Thu Jun  8 13:22:13 UTC 2023/1b61e43a4abf085696e418530f0a32d4572712c7/none)","caller":"app/server.go:412","current_version":"7.10.3","build_number":"7.10.3-rc1","build_date":"Thu Jun  8 13:22:13 UTC 2023","build_hash":"1b61e43a4abf085696e418530f0a32d4572712c7","build_hash_enterprise":"none"}
{"timestamp":"2023-06-09 11:54:01.556 Z","level":"info","msg":"Team Edition Build","caller":"app/server.go:423","enterprise_build":false}
{"timestamp":"2023-06-09 11:54:01.557 Z","level":"info","msg":"Printing current working","caller":"app/server.go:427","directory":"/mattermost"}
{"timestamp":"2023-06-09 11:54:01.557 Z","level":"info","msg":"Loaded config","caller":"app/server.go:428","source":"file:///mattermost/config/config.json"}
{"timestamp":"2023-06-09 11:54:01.601 Z","level":"info","msg":"Starting workers","caller":"jobs/workers.go:48"}
{"timestamp":"2023-06-09 11:54:01.602 Z","level":"info","msg":"Starting schedulers.","caller":"jobs/schedulers.go:47"}
{"timestamp":"2023-06-09 11:54:01.742 Z","level":"info","msg":"Skipping triggering Elasticsearch channel index fix job as build is not Enterprise ready","caller":"app/migrations.go:570"}
{"timestamp":"2023-06-09 11:54:01.860 Z","level":"error","msg":"License key from https://mattermost.com required to unlock enterprise features.","caller":"platform/license.go:101","error":"resource: License id: "}
{"timestamp":"2023-06-09 11:54:01.956 Z","level":"info","msg":"Starting up plugins","caller":"app/plugin.go:218"}
{"timestamp":"2023-06-09 11:54:01.956 Z","level":"info","msg":"Syncing plugins from the file store","caller":"app/plugin.go:299"}
{"timestamp":"2023-06-09 11:54:05.802 Z","level":"info","msg":"Ensuring Feedbackbot exists","caller":"app/plugin_api.go:973","plugin_id":"com.mattermost.nps"}
{"timestamp":"2023-06-09 11:54:07.693 Z","level":"info","msg":"failed to load initial configuration","caller":"app/plugin_api.go:973","plugin_id":"com.mattermost.apps","error":"plugin requires Mattermost Site URL to be set","plugin_caller":"server/plugin.go:85"}
{"timestamp":"2023-06-09 11:54:07.703 Z","level":"info","msg":"plugin process exited","caller":"plugin/hclog_adapter.go:61","plugin_id":"com.mattermost.apps","wrapped_extras":"pathplugins/com.mattermost.apps/server/dist/plugin-linux-amd64pid37"}
{"timestamp":"2023-06-09 11:54:07.715 Z","level":"error","msg":"Failed to install prepackaged plugin","caller":"app/plugin.go:964","path":"/mattermost/prepackaged_plugins/mattermost-plugin-apps-v1.2.1-linux-amd64.tar.gz","error":"Failed to install extracted prepackaged plugin /mattermost/prepackaged_plugins/mattermost-plugin-apps-v1.2.1-linux-amd64.tar.gz: installExtractedPlugin: Unable to restart plugin on upgrade., failed to load initial configuration: plugin requires Mattermost Site URL to be set"}
{"timestamp":"2023-06-09 11:54:08.632 Z","level":"info","msg":"got public IP address","caller":"app/plugin_api.go:973","plugin_id":"com.mattermost.calls","origin":"main.(*logger).Info log.go:95","addr":"86.74.4.212"}
{"timestamp":"2023-06-09 11:54:08.633 Z","level":"info","msg":"rtc: server is listening on udp :8443","caller":"app/plugin_api.go:973","plugin_id":"com.mattermost.calls","origin":"main.(*logger).Info log.go:95"}
{"timestamp":"2023-06-09 11:54:08.634 Z","level":"info","msg":"rtc: server is listening on udp :8443","caller":"app/plugin_api.go:973","plugin_id":"com.mattermost.calls","origin":"main.(*logger).Info log.go:95"}
{"timestamp":"2023-06-09 11:54:08.634 Z","level":"info","msg":"rtc: server is listening on udp :8443","caller":"app/plugin_api.go:973","plugin_id":"com.mattermost.calls","origin":"main.(*logger).Info log.go:95"}
{"timestamp":"2023-06-09 11:54:08.635 Z","level":"info","msg":"rtc: server is listening on udp :8443","caller":"app/plugin_api.go:973","plugin_id":"com.mattermost.calls","origin":"main.(*logger).Info log.go:95"}
{"timestamp":"2023-06-09 11:54:08.636 Z","level":"info","msg":"rtc: server is listening on udp :8443","caller":"app/plugin_api.go:973","plugin_id":"com.mattermost.calls","origin":"main.(*logger).Info log.go:95"}
{"timestamp":"2023-06-09 11:54:08.637 Z","level":"info","msg":"rtc: server is listening on udp :8443","caller":"app/plugin_api.go:973","plugin_id":"com.mattermost.calls","origin":"main.(*logger).Info log.go:95"}
{"timestamp":"2023-06-09 11:54:08.638 Z","level":"info","msg":"rtc: server is listening on udp :8443","caller":"app/plugin_api.go:973","plugin_id":"com.mattermost.calls","origin":"main.(*logger).Info log.go:95"}
{"timestamp":"2023-06-09 11:54:08.639 Z","level":"info","msg":"rtc: server is listening on udp :8443","caller":"app/plugin_api.go:973","plugin_id":"com.mattermost.calls","origin":"main.(*logger).Info log.go:95"}
{"timestamp":"2023-06-09 11:54:08.640 Z","level":"info","msg":"rtc: server is listening on udp :8443","caller":"app/plugin_api.go:973","plugin_id":"com.mattermost.calls","origin":"main.(*logger).Info log.go:95"}
{"timestamp":"2023-06-09 11:54:08.640 Z","level":"info","msg":"rtc: server is listening on udp :8443","caller":"app/plugin_api.go:973","plugin_id":"com.mattermost.calls","origin":"main.(*logger).Info log.go:95"}
{"timestamp":"2023-06-09 11:54:08.641 Z","level":"info","msg":"rtc: server is listening on udp :8443","caller":"app/plugin_api.go:973","plugin_id":"com.mattermost.calls","origin":"main.(*logger).Info log.go:95"}
{"timestamp":"2023-06-09 11:54:08.642 Z","level":"info","msg":"rtc: server is listening on udp :8443","caller":"app/plugin_api.go:973","plugin_id":"com.mattermost.calls","origin":"main.(*logger).Info log.go:95"}
{"timestamp":"2023-06-09 11:54:08.992 Z","level":"warn","msg":"Rudder credentials are not set. Disabling analytics.","caller":"app/plugin_api.go:979","plugin_id":"playbooks","plugin_caller":"github.com/mattermost/mattermost-plugin-playbooks/server/plugin.go:141"}
{"timestamp":"2023-06-09 11:54:09.032 Z","level":"info","msg":"registered collection and topic type","caller":"app/collection.go:33","plugin_id":"playbooks","collection_type":"run","topic_type":"status"}
{"timestamp":"2023-06-09 11:54:09.032 Z","level":"info","msg":"registered collection and topic type","caller":"app/collection.go:33","plugin_id":"playbooks","collection_type":"run","topic_type":"task"}
{"timestamp":"2023-06-09 11:54:10.112 Z","level":"info","msg":"connectDatabase","caller":"app/plugin_api.go:973","plugin_id":"focalboard","dbType":"postgres"}
{"timestamp":"2023-06-09 11:54:10.172 Z","level":"info","msg":"Schema migration table is correct format","caller":"app/plugin_api.go:973","plugin_id":"focalboard"}
{"timestamp":"2023-06-09 11:54:10.174 Z","level":"info","msg":"{\"level\":\"info\",\"msg\":\"Pinging SQL\",\"fields\":{\"dataSource\":\"\\\"postgres://%2A%2A%2A%2A:%2A%2A%2A%2A@postgres:5432/mattermost?connect_timeout=10\\u0026sslmode=disable\\\"\",\"database\":\"master\"}}\n","caller":"io/io.go:429","plugin_id":"focalboard","source":"plugin_stderr"}
{"timestamp":"2023-06-09 11:54:10.370 Z","level":"info","msg":"Initialized notification backend","caller":"app/plugin_api.go:973","plugin_id":"focalboard","name":"notifyMentions"}
{"timestamp":"2023-06-09 11:54:10.371 Z","level":"info","msg":"Initialized notification backend","caller":"app/plugin_api.go:973","plugin_id":"focalboard","name":"notifySubscriptions"}
{"timestamp":"2023-06-09 11:54:10.371 Z","level":"info","msg":"Initialized notification backend","caller":"app/plugin_api.go:973","plugin_id":"focalboard","name":"notifyLogger"}
{"timestamp":"2023-06-09 11:54:10.418 Z","level":"info","msg":"Focalboard server","caller":"app/plugin_api.go:973","plugin_id":"focalboard","version":"7.10.1","edition":"plugin","build_number":"5148200980","build_date":"\"Thu Jun  1 19:06:04 UTC 2023\"","build_hash":"39c82539b51cd4f0ecac3f6eaadd024cd33dd8c8"}
{"timestamp":"2023-06-09 11:54:10.418 Z","level":"info","msg":"Server.Start","caller":"app/plugin_api.go:973","plugin_id":"focalboard"}
{"timestamp":"2023-06-09 11:54:10.454 Z","level":"info","msg":"Boards product successfully started.","caller":"app/plugin_api.go:973","plugin_id":"focalboard"}
{"timestamp":"2023-06-09 11:54:11.951 Z","level":"info","msg":"failed to load initial configuration","caller":"app/plugin_api.go:973","plugin_id":"com.mattermost.apps","error":"plugin requires Mattermost Site URL to be set","plugin_caller":"server/plugin.go:85"}
{"timestamp":"2023-06-09 11:54:11.958 Z","level":"info","msg":"plugin process exited","caller":"plugin/hclog_adapter.go:61","plugin_id":"com.mattermost.apps","wrapped_extras":"pathplugins/com.mattermost.apps/server/dist/plugin-linux-amd64pid96"}
{"timestamp":"2023-06-09 11:54:11.959 Z","level":"error","msg":"Unable to activate plugin","caller":"app/plugin.go:171","plugin_id":"com.mattermost.apps","error":"failed to load initial configuration: plugin requires Mattermost Site URL to be set"}
{"timestamp":"2023-06-09 11:54:11.986 Z","level":"error","msg":"Mail server connection test failed","caller":"app/server.go:881","error":"unable to connect: unable to connect to the SMTP server: dial tcp 127.0.0.1:10025: connect: connection refused"}
{"timestamp":"2023-06-09 11:54:12.001 Z","level":"info","msg":"Starting Server...","caller":"app/server.go:899"}
{"timestamp":"2023-06-09 11:54:12.002 Z","level":"info","msg":"Server is listening on [::]:8065","caller":"app/server.go:971","address":"[::]:8065"}
{"timestamp":"2023-06-09 11:55:00.015 Z","level":"error","msg":"Failed to get system bot","caller":"app/post.go:2129","error":"GetSystemBot: List of admins is empty."}
{"timestamp":"2023-06-09 11:55:38.428 Z","level":"info","msg":"Stopping Server...","caller":"app/server.go:669"}
{"timestamp":"2023-06-09 11:55:38.456 Z","level":"info","msg":"Shutting down Email batching service...","caller":"email/service.go:85"}
{"timestamp":"2023-06-09 11:55:38.456 Z","level":"info","msg":"Stopped workers","caller":"jobs/workers.go:90"}
{"timestamp":"2023-06-09 11:55:38.456 Z","level":"info","msg":"Stopping schedulers.","caller":"jobs/schedulers.go:118"}
{"timestamp":"2023-06-09 11:55:38.456 Z","level":"info","msg":"Schedulers stopped.","caller":"jobs/schedulers.go:50"}
{"timestamp":"2023-06-09 11:55:38.456 Z","level":"info","msg":"Shutting down plugins","caller":"app/plugin.go:379"}
{"timestamp":"2023-06-09 11:55:38.459 Z","level":"info","msg":"rtc: server was shutdown","caller":"app/plugin_api.go:973","plugin_id":"com.mattermost.calls","origin":"main.(*logger).Info log.go:95"}
{"timestamp":"2023-06-09 11:55:38.459 Z","level":"info","msg":"Server.Shutdown","caller":"app/plugin_api.go:973","plugin_id":"focalboard"}
{"timestamp":"2023-06-09 11:55:38.463 Z","level":"info","msg":"plugin process exited","caller":"plugin/hclog_adapter.go:61","plugin_id":"com.mattermost.nps","wrapped_extras":"pathplugins/com.mattermost.nps/server/dist/plugin-linux-amd64pid24"}
{"timestamp":"2023-06-09 11:55:38.463 Z","level":"info","msg":"plugin process exited","caller":"plugin/hclog_adapter.go:61","plugin_id":"playbooks","wrapped_extras":"pathplugins/playbooks/server/dist/plugin-linux-amd64pid63"}
{"timestamp":"2023-06-09 11:55:38.464 Z","level":"info","msg":"plugin process exited","caller":"plugin/hclog_adapter.go:61","plugin_id":"focalboard","wrapped_extras":"pathplugins/focalboard/server/dist/plugin-linux-amd64pid80"}
{"timestamp":"2023-06-09 11:55:38.482 Z","level":"info","msg":"plugin process exited","caller":"plugin/hclog_adapter.go:61","plugin_id":"com.mattermost.calls","wrapped_extras":"pathplugins/com.mattermost.calls/server/dist/plugin-linux-amd64pid52"}
{"timestamp":"2023-06-09 11:55:38.482 Z","level":"info","msg":"stopping websocket hub connections","caller":"platform/web_hub.go:115"}
{"timestamp":"2023-06-09 11:55:38.483 Z","level":"info","msg":"Server stopped","caller":"app/server.go:755"}
{"timestamp":"2023-06-09 11:55:43.493 Z","level":"info","msg":"Server is initializing...","caller":"platform/service.go:165","go_version":"go1.19.5"}
{"timestamp":"2023-06-09 11:55:43.493 Z","level":"info","msg":"Pinging SQL","caller":"sqlstore/store.go:242","database":"master","dataSource":"postgres://%2A%2A%2A%2A:%2A%2A%2A%2A@postgres:5432/mattermost?connect_timeout=10&sslmode=disable"}
{"timestamp":"2023-06-09 11:55:43.496 Z","level":"error","msg":"Failed to ping DB","caller":"sqlstore/store.go:252","error":"dial tcp 172.20.0.2:5432: connect: connection refused","retrying in seconds":10}
{"timestamp":"2023-06-09 11:55:53.497 Z","level":"info","msg":"Pinging SQL","caller":"sqlstore/store.go:242","database":"master","dataSource":"postgres://%2A%2A%2A%2A:%2A%2A%2A%2A@postgres:5432/mattermost?connect_timeout=10&sslmode=disable"}
{"timestamp":"2023-06-09 11:55:53.718 Z","level":"info","msg":"Starting websocket hubs","caller":"platform/web_hub.go:95","number_of_hubs":24}
{"timestamp":"2023-06-09 11:55:53.719 Z","level":"info","msg":"Loaded system translations","caller":"i18n/i18n.go:132","for locale":"en","from locale":"/mattermost/i18n/en.json"}
{"timestamp":"2023-06-09 11:55:53.727 Z","level":"info","msg":"Ensuring the telemetry ID","caller":"telemetry/telemetry.go:142","id":"txw68h3zrfr9f8qtd1r6a848jy"}
{"timestamp":"2023-06-09 11:55:53.734 Z","level":"error","msg":"SiteURL must be set. Some features will operate incorrectly if the SiteURL is not set. See documentation for details: https://docs.mattermost.com/configure/configuration-settings.html#site-url","caller":"app/server.go:403"}
{"timestamp":"2023-06-09 11:55:53.734 Z","level":"info","msg":"Current version is 7.10.3 (7.10.3-rc1/Thu Jun  8 13:22:13 UTC 2023/1b61e43a4abf085696e418530f0a32d4572712c7/none)","caller":"app/server.go:412","current_version":"7.10.3","build_number":"7.10.3-rc1","build_date":"Thu Jun  8 13:22:13 UTC 2023","build_hash":"1b61e43a4abf085696e418530f0a32d4572712c7","build_hash_enterprise":"none"}
{"timestamp":"2023-06-09 11:55:53.734 Z","level":"info","msg":"Team Edition Build","caller":"app/server.go:423","enterprise_build":false}
{"timestamp":"2023-06-09 11:55:53.734 Z","level":"info","msg":"Printing current working","caller":"app/server.go:427","directory":"/mattermost"}
{"timestamp":"2023-06-09 11:55:53.734 Z","level":"info","msg":"Loaded config","caller":"app/server.go:428","source":"file:///mattermost/config/config.json"}
{"timestamp":"2023-06-09 11:55:53.769 Z","level":"info","msg":"Starting workers","caller":"jobs/workers.go:48"}
{"timestamp":"2023-06-09 11:55:53.769 Z","level":"info","msg":"Starting schedulers.","caller":"jobs/schedulers.go:47"}
{"timestamp":"2023-06-09 11:55:53.972 Z","level":"error","msg":"License key from https://mattermost.com required to unlock enterprise features.","caller":"platform/license.go:101","error":"resource: License id: "}
{"timestamp":"2023-06-09 11:55:54.034 Z","level":"info","msg":"Skipping triggering Elasticsearch channel index fix job as build is not Enterprise ready","caller":"app/migrations.go:570"}
{"timestamp":"2023-06-09 11:55:54.184 Z","level":"info","msg":"Starting up plugins","caller":"app/plugin.go:218"}
{"timestamp":"2023-06-09 11:55:54.184 Z","level":"info","msg":"Syncing plugins from the file store","caller":"app/plugin.go:299"}
{"timestamp":"2023-06-09 11:55:57.774 Z","level":"info","msg":"Ensuring Feedbackbot exists","caller":"app/plugin_api.go:973","plugin_id":"com.mattermost.nps"}
{"timestamp":"2023-06-09 11:55:59.049 Z","level":"info","msg":"failed to load initial configuration","caller":"app/plugin_api.go:973","plugin_id":"com.mattermost.apps","error":"plugin requires Mattermost Site URL to be set","plugin_caller":"server/plugin.go:85"}
{"timestamp":"2023-06-09 11:55:59.051 Z","level":"info","msg":"2023/06/09 11:55:59 [DEBUG] plugin: plugin server: accept unix /tmp/plugin3858589567: use of closed network connection\n","caller":"io/io.go:429","plugin_id":"com.mattermost.apps","source":"plugin_stderr"}
{"timestamp":"2023-06-09 11:55:59.064 Z","level":"info","msg":"plugin process exited","caller":"plugin/hclog_adapter.go:61","plugin_id":"com.mattermost.apps","wrapped_extras":"pathplugins/com.mattermost.apps/server/dist/plugin-linux-amd64pid42"}
{"timestamp":"2023-06-09 11:55:59.071 Z","level":"error","msg":"Failed to install prepackaged plugin","caller":"app/plugin.go:964","path":"/mattermost/prepackaged_plugins/mattermost-plugin-apps-v1.2.1-linux-amd64.tar.gz","error":"Failed to install extracted prepackaged plugin /mattermost/prepackaged_plugins/mattermost-plugin-apps-v1.2.1-linux-amd64.tar.gz: installExtractedPlugin: Unable to restart plugin on upgrade., failed to load initial configuration: plugin requires Mattermost Site URL to be set"}
{"timestamp":"2023-06-09 11:55:59.859 Z","level":"info","msg":"got public IP address","caller":"app/plugin_api.go:973","plugin_id":"com.mattermost.calls","origin":"main.(*logger).Info log.go:95","addr":"86.74.4.212"}
{"timestamp":"2023-06-09 11:55:59.859 Z","level":"info","msg":"rtc: server is listening on udp :8443","caller":"app/plugin_api.go:973","plugin_id":"com.mattermost.calls","origin":"main.(*logger).Info log.go:95"}
{"timestamp":"2023-06-09 11:55:59.860 Z","level":"info","msg":"rtc: server is listening on udp :8443","caller":"app/plugin_api.go:973","plugin_id":"com.mattermost.calls","origin":"main.(*logger).Info log.go:95"}
{"timestamp":"2023-06-09 11:55:59.861 Z","level":"info","msg":"rtc: server is listening on udp :8443","caller":"app/plugin_api.go:973","plugin_id":"com.mattermost.calls","origin":"main.(*logger).Info log.go:95"}
{"timestamp":"2023-06-09 11:55:59.862 Z","level":"info","msg":"rtc: server is listening on udp :8443","caller":"app/plugin_api.go:973","plugin_id":"com.mattermost.calls","origin":"main.(*logger).Info log.go:95"}
{"timestamp":"2023-06-09 11:55:59.863 Z","level":"info","msg":"rtc: server is listening on udp :8443","caller":"app/plugin_api.go:973","plugin_id":"com.mattermost.calls","origin":"main.(*logger).Info log.go:95"}
{"timestamp":"2023-06-09 11:55:59.864 Z","level":"info","msg":"rtc: server is listening on udp :8443","caller":"app/plugin_api.go:973","plugin_id":"com.mattermost.calls","origin":"main.(*logger).Info log.go:95"}
{"timestamp":"2023-06-09 11:55:59.864 Z","level":"info","msg":"rtc: server is listening on udp :8443","caller":"app/plugin_api.go:973","plugin_id":"com.mattermost.calls","origin":"main.(*logger).Info log.go:95"}
{"timestamp":"2023-06-09 11:55:59.865 Z","level":"info","msg":"rtc: server is listening on udp :8443","caller":"app/plugin_api.go:973","plugin_id":"com.mattermost.calls","origin":"main.(*logger).Info log.go:95"}
{"timestamp":"2023-06-09 11:55:59.866 Z","level":"info","msg":"rtc: server is listening on udp :8443","caller":"app/plugin_api.go:973","plugin_id":"com.mattermost.calls","origin":"main.(*logger).Info log.go:95"}
{"timestamp":"2023-06-09 11:55:59.867 Z","level":"info","msg":"rtc: server is listening on udp :8443","caller":"app/plugin_api.go:973","plugin_id":"com.mattermost.calls","origin":"main.(*logger).Info log.go:95"}
{"timestamp":"2023-06-09 11:55:59.867 Z","level":"info","msg":"rtc: server is listening on udp :8443","caller":"app/plugin_api.go:973","plugin_id":"com.mattermost.calls","origin":"main.(*logger).Info log.go:95"}
{"timestamp":"2023-06-09 11:55:59.868 Z","level":"info","msg":"rtc: server is listening on udp :8443","caller":"app/plugin_api.go:973","plugin_id":"com.mattermost.calls","origin":"main.(*logger).Info log.go:95"}
{"timestamp":"2023-06-09 11:56:00.406 Z","level":"warn","msg":"Rudder credentials are not set. Disabling analytics.","caller":"app/plugin_api.go:979","plugin_id":"playbooks","plugin_caller":"github.com/mattermost/mattermost-plugin-playbooks/server/plugin.go:141"}
{"timestamp":"2023-06-09 11:56:00.453 Z","level":"info","msg":"registered collection and topic type","caller":"app/collection.go:33","plugin_id":"playbooks","collection_type":"run","topic_type":"status"}
{"timestamp":"2023-06-09 11:56:00.453 Z","level":"info","msg":"registered collection and topic type","caller":"app/collection.go:33","plugin_id":"playbooks","collection_type":"run","topic_type":"task"}
{"timestamp":"2023-06-09 11:56:01.787 Z","level":"info","msg":"connectDatabase","caller":"app/plugin_api.go:973","plugin_id":"focalboard","dbType":"postgres"}
{"timestamp":"2023-06-09 11:56:01.847 Z","level":"info","msg":"Schema migration table is correct format","caller":"app/plugin_api.go:973","plugin_id":"focalboard"}
{"timestamp":"2023-06-09 11:56:01.849 Z","level":"info","msg":"{\"level\":\"info\",\"msg\":\"Pinging SQL\",\"fields\":{\"dataSource\":\"\\\"postgres://%2A%2A%2A%2A:%2A%2A%2A%2A@postgres:5432/mattermost?connect_timeout=10\\u0026sslmode=disable\\\"\",\"database\":\"master\"}}\n","caller":"io/io.go:429","plugin_id":"focalboard","source":"plugin_stderr"}
{"timestamp":"2023-06-09 11:56:02.056 Z","level":"info","msg":"Initialized notification backend","caller":"app/plugin_api.go:973","plugin_id":"focalboard","name":"notifyMentions"}
{"timestamp":"2023-06-09 11:56:02.057 Z","level":"info","msg":"Initialized notification backend","caller":"app/plugin_api.go:973","plugin_id":"focalboard","name":"notifySubscriptions"}
{"timestamp":"2023-06-09 11:56:02.058 Z","level":"info","msg":"Initialized notification backend","caller":"app/plugin_api.go:973","plugin_id":"focalboard","name":"notifyLogger"}
{"timestamp":"2023-06-09 11:56:02.104 Z","level":"info","msg":"Focalboard server","caller":"app/plugin_api.go:973","plugin_id":"focalboard","version":"7.10.1","edition":"plugin","build_number":"5148200980","build_date":"\"Thu Jun  1 19:06:04 UTC 2023\"","build_hash":"39c82539b51cd4f0ecac3f6eaadd024cd33dd8c8"}
{"timestamp":"2023-06-09 11:56:02.104 Z","level":"info","msg":"Server.Start","caller":"app/plugin_api.go:973","plugin_id":"focalboard"}
{"timestamp":"2023-06-09 11:56:02.147 Z","level":"info","msg":"Boards product successfully started.","caller":"app/plugin_api.go:973","plugin_id":"focalboard"}
{"timestamp":"2023-06-09 11:56:03.647 Z","level":"info","msg":"failed to load initial configuration","caller":"app/plugin_api.go:973","plugin_id":"com.mattermost.apps","error":"plugin requires Mattermost Site URL to be set","plugin_caller":"server/plugin.go:85"}
{"timestamp":"2023-06-09 11:56:03.654 Z","level":"info","msg":"plugin process exited","caller":"plugin/hclog_adapter.go:61","plugin_id":"com.mattermost.apps","wrapped_extras":"pathplugins/com.mattermost.apps/server/dist/plugin-linux-amd64pid101"}
{"timestamp":"2023-06-09 11:56:03.655 Z","level":"error","msg":"Unable to activate plugin","caller":"app/plugin.go:171","plugin_id":"com.mattermost.apps","error":"failed to load initial configuration: plugin requires Mattermost Site URL to be set"}
{"timestamp":"2023-06-09 11:56:03.683 Z","level":"error","msg":"Mail server connection test failed","caller":"app/server.go:881","error":"unable to connect: unable to connect to the SMTP server: dial tcp 127.0.0.1:10025: connect: connection refused"}
{"timestamp":"2023-06-09 11:56:03.696 Z","level":"info","msg":"Starting Server...","caller":"app/server.go:899"}
{"timestamp":"2023-06-09 11:56:03.697 Z","level":"info","msg":"Server is listening on [::]:8065","caller":"app/server.go:971","address":"[::]:8065"}
{"timestamp":"2023-06-09 11:56:45.612 Z","level":"info","msg":"Stopping Server...","caller":"app/server.go:669"}
{"timestamp":"2023-06-09 11:56:45.646 Z","level":"info","msg":"Shutting down Email batching service...","caller":"email/service.go:85"}
{"timestamp":"2023-06-09 11:56:45.646 Z","level":"info","msg":"Stopped workers","caller":"jobs/workers.go:90"}
{"timestamp":"2023-06-09 11:56:45.646 Z","level":"info","msg":"Stopping schedulers.","caller":"jobs/schedulers.go:118"}
{"timestamp":"2023-06-09 11:56:45.646 Z","level":"info","msg":"Schedulers stopped.","caller":"jobs/schedulers.go:50"}
{"timestamp":"2023-06-09 11:56:45.646 Z","level":"info","msg":"Shutting down plugins","caller":"app/plugin.go:379"}
{"timestamp":"2023-06-09 11:56:45.648 Z","level":"info","msg":"rtc: server was shutdown","caller":"app/plugin_api.go:973","plugin_id":"com.mattermost.calls","origin":"main.(*logger).Info log.go:95"}
{"timestamp":"2023-06-09 11:56:45.648 Z","level":"info","msg":"Server.Shutdown","caller":"app/plugin_api.go:973","plugin_id":"focalboard"}
{"timestamp":"2023-06-09 11:56:45.653 Z","level":"info","msg":"plugin process exited","caller":"plugin/hclog_adapter.go:61","plugin_id":"com.mattermost.nps","wrapped_extras":"pathplugins/com.mattermost.nps/server/dist/plugin-linux-amd64pid29"}
{"timestamp":"2023-06-09 11:56:45.654 Z","level":"info","msg":"plugin process exited","caller":"plugin/hclog_adapter.go:61","plugin_id":"playbooks","wrapped_extras":"pathplugins/playbooks/server/dist/plugin-linux-amd64pid71"}
{"timestamp":"2023-06-09 11:56:45.655 Z","level":"info","msg":"plugin process exited","caller":"plugin/hclog_adapter.go:61","plugin_id":"focalboard","wrapped_extras":"pathplugins/focalboard/server/dist/plugin-linux-amd64pid85"}
{"timestamp":"2023-06-09 11:56:45.670 Z","level":"info","msg":"plugin process exited","caller":"plugin/hclog_adapter.go:61","plugin_id":"com.mattermost.calls","wrapped_extras":"pathplugins/com.mattermost.calls/server/dist/plugin-linux-amd64pid54"}
{"timestamp":"2023-06-09 11:56:45.670 Z","level":"info","msg":"stopping websocket hub connections","caller":"platform/web_hub.go:115"}
{"timestamp":"2023-06-09 11:56:45.670 Z","level":"info","msg":"Server stopped","caller":"app/server.go:755"}
{"timestamp":"2023-06-09 11:56:49.789 Z","level":"info","msg":"Server is initializing...","caller":"platform/service.go:165","go_version":"go1.19.5"}
{"timestamp":"2023-06-09 11:56:49.789 Z","level":"info","msg":"Pinging SQL","caller":"sqlstore/store.go:242","database":"master","dataSource":"postgres://%2A%2A%2A%2A:%2A%2A%2A%2A@postgres:5432/mattermost?connect_timeout=10&sslmode=disable"}
{"timestamp":"2023-06-09 11:56:49.792 Z","level":"error","msg":"Failed to ping DB","caller":"sqlstore/store.go:252","error":"dial tcp 172.20.0.2:5432: connect: connection refused","retrying in seconds":10}
{"timestamp":"2023-06-09 11:56:59.799 Z","level":"info","msg":"Pinging SQL","caller":"sqlstore/store.go:242","database":"master","dataSource":"postgres://%2A%2A%2A%2A:%2A%2A%2A%2A@postgres:5432/mattermost?connect_timeout=10&sslmode=disable"}
{"timestamp":"2023-06-09 11:56:59.989 Z","level":"info","msg":"Starting websocket hubs","caller":"platform/web_hub.go:95","number_of_hubs":24}
{"timestamp":"2023-06-09 11:56:59.989 Z","level":"info","msg":"Loaded system translations","caller":"i18n/i18n.go:132","for locale":"en","from locale":"/mattermost/i18n/en.json"}
{"timestamp":"2023-06-09 11:56:59.997 Z","level":"info","msg":"Ensuring the telemetry ID","caller":"telemetry/telemetry.go:142","id":"yrweg7pjrbb4udm9fbf5w8rhne"}
{"timestamp":"2023-06-09 11:57:00.004 Z","level":"error","msg":"SiteURL must be set. Some features will operate incorrectly if the SiteURL is not set. See documentation for details: https://docs.mattermost.com/configure/configuration-settings.html#site-url","caller":"app/server.go:403"}
{"timestamp":"2023-06-09 11:57:00.004 Z","level":"info","msg":"Current version is 7.10.3 (7.10.3-rc1/Thu Jun  8 13:22:13 UTC 2023/1b61e43a4abf085696e418530f0a32d4572712c7/none)","caller":"app/server.go:412","current_version":"7.10.3","build_number":"7.10.3-rc1","build_date":"Thu Jun  8 13:22:13 UTC 2023","build_hash":"1b61e43a4abf085696e418530f0a32d4572712c7","build_hash_enterprise":"none"}
{"timestamp":"2023-06-09 11:57:00.004 Z","level":"info","msg":"Team Edition Build","caller":"app/server.go:423","enterprise_build":false}
{"timestamp":"2023-06-09 11:57:00.004 Z","level":"info","msg":"Printing current working","caller":"app/server.go:427","directory":"/mattermost"}
{"timestamp":"2023-06-09 11:57:00.004 Z","level":"info","msg":"Loaded config","caller":"app/server.go:428","source":"file:///mattermost/config/config.json"}
{"timestamp":"2023-06-09 11:57:00.045 Z","level":"info","msg":"Starting workers","caller":"jobs/workers.go:48"}
{"timestamp":"2023-06-09 11:57:00.046 Z","level":"info","msg":"Starting schedulers.","caller":"jobs/schedulers.go:47"}
{"timestamp":"2023-06-09 11:57:00.065 Z","level":"error","msg":"License key from https://mattermost.com required to unlock enterprise features.","caller":"platform/license.go:101","error":"resource: License id: "}
{"timestamp":"2023-06-09 11:57:00.178 Z","level":"info","msg":"Skipping triggering Elasticsearch channel index fix job as build is not Enterprise ready","caller":"app/migrations.go:570"}
{"timestamp":"2023-06-09 11:57:00.366 Z","level":"info","msg":"Starting up plugins","caller":"app/plugin.go:218"}
{"timestamp":"2023-06-09 11:57:00.367 Z","level":"info","msg":"Syncing plugins from the file store","caller":"app/plugin.go:299"}
{"timestamp":"2023-06-09 11:57:03.900 Z","level":"info","msg":"Ensuring Feedbackbot exists","caller":"app/plugin_api.go:973","plugin_id":"com.mattermost.nps"}
{"timestamp":"2023-06-09 11:57:05.269 Z","level":"info","msg":"failed to load initial configuration","caller":"app/plugin_api.go:973","plugin_id":"com.mattermost.apps","error":"plugin requires Mattermost Site URL to be set","plugin_caller":"server/plugin.go:85"}
{"timestamp":"2023-06-09 11:57:05.277 Z","level":"info","msg":"plugin process exited","caller":"plugin/hclog_adapter.go:61","plugin_id":"com.mattermost.apps","wrapped_extras":"pathplugins/com.mattermost.apps/server/dist/plugin-linux-amd64pid40"}
{"timestamp":"2023-06-09 11:57:05.282 Z","level":"error","msg":"Failed to install prepackaged plugin","caller":"app/plugin.go:964","path":"/mattermost/prepackaged_plugins/mattermost-plugin-apps-v1.2.1-linux-amd64.tar.gz","error":"Failed to install extracted prepackaged plugin /mattermost/prepackaged_plugins/mattermost-plugin-apps-v1.2.1-linux-amd64.tar.gz: installExtractedPlugin: Unable to restart plugin on upgrade., failed to load initial configuration: plugin requires Mattermost Site URL to be set"}
{"timestamp":"2023-06-09 11:57:06.059 Z","level":"info","msg":"got public IP address","caller":"app/plugin_api.go:973","plugin_id":"com.mattermost.calls","origin":"main.(*logger).Info log.go:95","addr":"86.74.4.212"}
{"timestamp":"2023-06-09 11:57:06.059 Z","level":"info","msg":"rtc: server is listening on udp :8443","caller":"app/plugin_api.go:973","plugin_id":"com.mattermost.calls","origin":"main.(*logger).Info log.go:95"}
{"timestamp":"2023-06-09 11:57:06.060 Z","level":"info","msg":"rtc: server is listening on udp :8443","caller":"app/plugin_api.go:973","plugin_id":"com.mattermost.calls","origin":"main.(*logger).Info log.go:95"}
{"timestamp":"2023-06-09 11:57:06.061 Z","level":"info","msg":"rtc: server is listening on udp :8443","caller":"app/plugin_api.go:973","plugin_id":"com.mattermost.calls","origin":"main.(*logger).Info log.go:95"}
{"timestamp":"2023-06-09 11:57:06.061 Z","level":"info","msg":"rtc: server is listening on udp :8443","caller":"app/plugin_api.go:973","plugin_id":"com.mattermost.calls","origin":"main.(*logger).Info log.go:95"}
{"timestamp":"2023-06-09 11:57:06.063 Z","level":"info","msg":"rtc: server is listening on udp :8443","caller":"app/plugin_api.go:973","plugin_id":"com.mattermost.calls","origin":"main.(*logger).Info log.go:95"}
{"timestamp":"2023-06-09 11:57:06.064 Z","level":"info","msg":"rtc: server is listening on udp :8443","caller":"app/plugin_api.go:973","plugin_id":"com.mattermost.calls","origin":"main.(*logger).Info log.go:95"}
{"timestamp":"2023-06-09 11:57:06.065 Z","level":"info","msg":"rtc: server is listening on udp :8443","caller":"app/plugin_api.go:973","plugin_id":"com.mattermost.calls","origin":"main.(*logger).Info log.go:95"}
{"timestamp":"2023-06-09 11:57:06.065 Z","level":"info","msg":"rtc: server is listening on udp :8443","caller":"app/plugin_api.go:973","plugin_id":"com.mattermost.calls","origin":"main.(*logger).Info log.go:95"}
{"timestamp":"2023-06-09 11:57:06.066 Z","level":"info","msg":"rtc: server is listening on udp :8443","caller":"app/plugin_api.go:973","plugin_id":"com.mattermost.calls","origin":"main.(*logger).Info log.go:95"}
{"timestamp":"2023-06-09 11:57:06.067 Z","level":"info","msg":"rtc: server is listening on udp :8443","caller":"app/plugin_api.go:973","plugin_id":"com.mattermost.calls","origin":"main.(*logger).Info log.go:95"}
{"timestamp":"2023-06-09 11:57:06.068 Z","level":"info","msg":"rtc: server is listening on udp :8443","caller":"app/plugin_api.go:973","plugin_id":"com.mattermost.calls","origin":"main.(*logger).Info log.go:95"}
{"timestamp":"2023-06-09 11:57:06.068 Z","level":"info","msg":"rtc: server is listening on udp :8443","caller":"app/plugin_api.go:973","plugin_id":"com.mattermost.calls","origin":"main.(*logger).Info log.go:95"}
{"timestamp":"2023-06-09 11:57:06.651 Z","level":"warn","msg":"Rudder credentials are not set. Disabling analytics.","caller":"app/plugin_api.go:979","plugin_id":"playbooks","plugin_caller":"github.com/mattermost/mattermost-plugin-playbooks/server/plugin.go:141"}
{"timestamp":"2023-06-09 11:57:06.691 Z","level":"info","msg":"registered collection and topic type","caller":"app/collection.go:33","plugin_id":"playbooks","collection_type":"run","topic_type":"status"}
{"timestamp":"2023-06-09 11:57:06.692 Z","level":"info","msg":"registered collection and topic type","caller":"app/collection.go:33","plugin_id":"playbooks","collection_type":"run","topic_type":"task"}
{"timestamp":"2023-06-09 11:57:08.035 Z","level":"info","msg":"connectDatabase","caller":"app/plugin_api.go:973","plugin_id":"focalboard","dbType":"postgres"}
{"timestamp":"2023-06-09 11:57:08.098 Z","level":"info","msg":"Schema migration table is correct format","caller":"app/plugin_api.go:973","plugin_id":"focalboard"}
{"timestamp":"2023-06-09 11:57:08.099 Z","level":"info","msg":"{\"level\":\"info\",\"msg\":\"Pinging SQL\",\"fields\":{\"dataSource\":\"\\\"postgres://%2A%2A%2A%2A:%2A%2A%2A%2A@postgres:5432/mattermost?connect_timeout=10\\u0026sslmode=disable\\\"\",\"database\":\"master\"}}\n","caller":"io/io.go:429","plugin_id":"focalboard","source":"plugin_stderr"}
{"timestamp":"2023-06-09 11:57:08.352 Z","level":"info","msg":"Initialized notification backend","caller":"app/plugin_api.go:973","plugin_id":"focalboard","name":"notifyMentions"}
{"timestamp":"2023-06-09 11:57:08.353 Z","level":"info","msg":"Initialized notification backend","caller":"app/plugin_api.go:973","plugin_id":"focalboard","name":"notifySubscriptions"}
{"timestamp":"2023-06-09 11:57:08.353 Z","level":"info","msg":"Initialized notification backend","caller":"app/plugin_api.go:973","plugin_id":"focalboard","name":"notifyLogger"}
{"timestamp":"2023-06-09 11:57:08.400 Z","level":"info","msg":"Focalboard server","caller":"app/plugin_api.go:973","plugin_id":"focalboard","version":"7.10.1","edition":"plugin","build_number":"5148200980","build_date":"\"Thu Jun  1 19:06:04 UTC 2023\"","build_hash":"39c82539b51cd4f0ecac3f6eaadd024cd33dd8c8"}
{"timestamp":"2023-06-09 11:57:08.400 Z","level":"info","msg":"Server.Start","caller":"app/plugin_api.go:973","plugin_id":"focalboard"}
{"timestamp":"2023-06-09 11:57:08.433 Z","level":"info","msg":"Boards product successfully started.","caller":"app/plugin_api.go:973","plugin_id":"focalboard"}
{"timestamp":"2023-06-09 11:57:09.927 Z","level":"info","msg":"failed to load initial configuration","caller":"app/plugin_api.go:973","plugin_id":"com.mattermost.apps","error":"plugin requires Mattermost Site URL to be set","plugin_caller":"server/plugin.go:85"}
{"timestamp":"2023-06-09 11:57:09.933 Z","level":"info","msg":"plugin process exited","caller":"plugin/hclog_adapter.go:61","plugin_id":"com.mattermost.apps","wrapped_extras":"pathplugins/com.mattermost.apps/server/dist/plugin-linux-amd64pid97"}
{"timestamp":"2023-06-09 11:57:09.933 Z","level":"error","msg":"Unable to activate plugin","caller":"app/plugin.go:171","plugin_id":"com.mattermost.apps","error":"failed to load initial configuration: plugin requires Mattermost Site URL to be set"}
{"timestamp":"2023-06-09 11:57:09.959 Z","level":"error","msg":"Mail server connection test failed","caller":"app/server.go:881","error":"unable to connect: unable to connect to the SMTP server: dial tcp 127.0.0.1:10025: connect: connection refused"}
{"timestamp":"2023-06-09 11:57:09.972 Z","level":"info","msg":"Starting Server...","caller":"app/server.go:899"}
{"timestamp":"2023-06-09 11:57:09.973 Z","level":"info","msg":"Server is listening on [::]:8065","caller":"app/server.go:971","address":"[::]:8065"}
{"timestamp":"2023-06-09 11:59:06.441 Z","level":"info","msg":"Stopping Server...","caller":"app/server.go:669"}
{"timestamp":"2023-06-09 11:59:06.486 Z","level":"info","msg":"Shutting down Email batching service...","caller":"email/service.go:85"}
{"timestamp":"2023-06-09 11:59:06.486 Z","level":"info","msg":"Stopped workers","caller":"jobs/workers.go:90"}
{"timestamp":"2023-06-09 11:59:06.486 Z","level":"info","msg":"Stopping schedulers.","caller":"jobs/schedulers.go:118"}
{"timestamp":"2023-06-09 11:59:06.486 Z","level":"info","msg":"Schedulers stopped.","caller":"jobs/schedulers.go:50"}
{"timestamp":"2023-06-09 11:59:06.486 Z","level":"info","msg":"Shutting down plugins","caller":"app/plugin.go:379"}
{"timestamp":"2023-06-09 11:59:06.487 Z","level":"info","msg":"2023/06/09 11:59:06 [DEBUG] plugin: plugin server: accept unix /tmp/plugin113084165: use of closed network connection\n","caller":"io/io.go:429","plugin_id":"playbooks","source":"plugin_stderr"}
{"timestamp":"2023-06-09 11:59:06.487 Z","level":"info","msg":"rtc: server was shutdown","caller":"app/plugin_api.go:973","plugin_id":"com.mattermost.calls","origin":"main.(*logger).Info log.go:95"}
{"timestamp":"2023-06-09 11:59:06.488 Z","level":"info","msg":"Server.Shutdown","caller":"app/plugin_api.go:973","plugin_id":"focalboard"}
{"timestamp":"2023-06-09 11:59:06.490 Z","level":"info","msg":"plugin process exited","caller":"plugin/hclog_adapter.go:61","plugin_id":"playbooks","wrapped_extras":"pathplugins/playbooks/server/dist/plugin-linux-amd64pid67"}
{"timestamp":"2023-06-09 11:59:06.491 Z","level":"info","msg":"plugin process exited","caller":"plugin/hclog_adapter.go:61","plugin_id":"com.mattermost.nps","wrapped_extras":"pathplugins/com.mattermost.nps/server/dist/plugin-linux-amd64pid26"}
{"timestamp":"2023-06-09 11:59:06.492 Z","level":"info","msg":"plugin process exited","caller":"plugin/hclog_adapter.go:61","plugin_id":"focalboard","wrapped_extras":"pathplugins/focalboard/server/dist/plugin-linux-amd64pid82"}
{"timestamp":"2023-06-11 15:03:41.464 Z","level":"info","msg":"Server is initializing...","caller":"platform/service.go:165","go_version":"go1.19.5"}
{"timestamp":"2023-06-11 15:03:41.475 Z","level":"info","msg":"Pinging SQL","caller":"sqlstore/store.go:242","database":"master","dataSource":"postgres://%2A%2A%2A%2A:%2A%2A%2A%2A@postgres:5432/mattermost?connect_timeout=10&sslmode=disable"}
{"timestamp":"2023-06-11 15:03:51.480 Z","level":"error","msg":"Failed to ping DB","caller":"sqlstore/store.go:252","error":"dial tcp: lookup postgres: i/o timeout","retrying in seconds":10}
{"timestamp":"2023-06-11 15:04:01.485 Z","level":"info","msg":"Pinging SQL","caller":"sqlstore/store.go:242","database":"master","dataSource":"postgres://%2A%2A%2A%2A:%2A%2A%2A%2A@postgres:5432/mattermost?connect_timeout=10&sslmode=disable"}
{"timestamp":"2023-06-11 15:04:53.800 Z","level":"info","msg":"Server is initializing...","caller":"platform/service.go:165","go_version":"go1.19.5"}
{"timestamp":"2023-06-11 15:04:53.800 Z","level":"info","msg":"Pinging SQL","caller":"sqlstore/store.go:242","database":"master","dataSource":"postgres://%2A%2A%2A%2A:%2A%2A%2A%2A@postgres:5432/mattermost?connect_timeout=10&sslmode=disable"}
{"timestamp":"2023-06-11 15:05:03.805 Z","level":"error","msg":"Failed to ping DB","caller":"sqlstore/store.go:252","error":"dial tcp: lookup postgres: i/o timeout","retrying in seconds":10}
{"timestamp":"2023-06-11 15:05:13.811 Z","level":"info","msg":"Pinging SQL","caller":"sqlstore/store.go:242","database":"master","dataSource":"postgres://%2A%2A%2A%2A:%2A%2A%2A%2A@postgres:5432/mattermost?connect_timeout=10&sslmode=disable"}
{"timestamp":"2023-06-11 15:05:23.815 Z","level":"error","msg":"Failed to ping DB","caller":"sqlstore/store.go:252","error":"dial tcp: lookup postgres: i/o timeout","retrying in seconds":10}
{"timestamp":"2023-06-11 15:05:33.825 Z","level":"info","msg":"Pinging SQL","caller":"sqlstore/store.go:242","database":"master","dataSource":"postgres://%2A%2A%2A%2A:%2A%2A%2A%2A@postgres:5432/mattermost?connect_timeout=10&sslmode=disable"}
{"timestamp":"2023-06-11 15:05:43.830 Z","level":"error","msg":"Failed to ping DB","caller":"sqlstore/store.go:252","error":"dial tcp: lookup postgres: i/o timeout","retrying in seconds":10}
