* ### System Properties: 
* bundleProcess.logs.dir=/opt/youtrack/logs/internal/services/bundleProcess
* database.backup.location=/opt/youtrack/backups
* database.location=/opt/youtrack/data
* exodus.memoryUsagePercentage=10
* file.encoding=UTF-8
* file.separator=/
* java.awt.headless=true
* java.class.path=launcher/lib/app-wrapper/youtrack-wrapper.jar
* java.class.version=61.0
* java.home=/opt/youtrack/internal/java/linux-x64
* java.io.tmpdir=/opt/youtrack/temp/internal/services/bundleProcess
* java.library.path=/usr/java/packages/lib:/usr/lib64:/lib64:/lib:/usr/lib
* java.runtime.name=OpenJDK Runtime Environment
* java.runtime.version=17.0.6+10-LTS
* java.specification.name=Java Platform API Specification
* java.specification.vendor=Oracle Corporation
* java.specification.version=17
* java.vendor=Amazon.com Inc.
* java.vendor.url=https://aws.amazon.com/corretto/
* java.vendor.url.bug=https://github.com/corretto/corretto-17/issues/
* java.vendor.version=Corretto-17.0.6.10.1
* java.version=17.0.6
* java.version.date=2023-01-17
* java.vm.compressedOopsMode=32-bit
* java.vm.info=mixed mode, sharing
* java.vm.name=OpenJDK 64-Bit Server VM
* java.vm.specification.name=Java Virtual Machine Specification
* java.vm.specification.vendor=Oracle Corporation
* java.vm.specification.version=17
* java.vm.vendor=Amazon.com Inc.
* java.vm.version=17.0.6+10-LTS
* javax.xml.accessExternalDTD=
* javax.xml.accessExternalSchema=
* javax.xml.accessExternalStylesheet=
* jdk.debug=release
* jetbrains.gap.pojo.shortClassNames=true
* jetbrains.http.request.header.buffer.size=102400
* jetbrains.http.response.header.buffer.size=102400
* jetbrains.hub.admin.skip=true
* jetbrains.jetpass.check.for.update.disable=true
* jetbrains.mps.webr.doNotCloseGlobalScopeOnLastLocalScopeClose=false
* jetbrains.youtrack.backup.hubDatabaseLocation=/opt/youtrack/data/hub
* jetbrains.youtrack.baseUrl=http://localhost:8080
* jetbrains.youtrack.confLocation=/opt/youtrack/conf
* jetbrains.youtrack.guest.banned=true
* jetbrains.youtrack.installation-dir=/opt/youtrack
* jetbrains.youtrack.installation-type=BUNDLE
* jetbrains.youtrack.licenseKey=*******
* jetbrains.youtrack.licenseName=*******
* jetbrains.youtrack.locale=en-US
* jetbrains.youtrack.logDir=/opt/youtrack/logs/youtrack
* jetbrains.youtrack.overrideRootPassword=root
* jetbrains.youtrack.ring.configurator.internalUrl=http://127.0.0.1:8080/bundle/backend
* jetbrains.youtrack.ring.configurator.uri=/bundle/admin
* jetbrains.youtrack.ring.enabled=true
* jetbrains.youtrack.ring.service.id=62486447-3c0d-4800-b702-b32af8a58705
* jetbrains.youtrack.ring.service.secret=*******
* jetbrains.youtrack.ring.url=http://127.0.0.1:8080/hub
* jetbrains.youtrack.root.login=admin
* jetbrains.youtrack.singleTierApp=true
* jetbrains.youtrack.ssl.trustStorePassword=UCDdAa15nx
* jetbrains.youtrack.ssl.trustStorePath=/opt/youtrack/conf/internal/keystore.jks
* jetbrains.youtrack.standalone.host=0.0.0.0
* jetbrains.youtrack.standalone.port=8080
* jetbrains.youtrack.statistics.enabled=false
* jetty.git.hash=4231a3b2e4cb8548a412a789936d640a97b1aa0a
* jl.home=/opt/youtrack
* jl.service=YouTrack
* launcher.app.conf.dir=/opt/youtrack/conf
* launcher.app.extra.lib.dirs=/alpn/1.9/
* launcher.app.home=/opt/youtrack
* launcher.app.name=YouTrack
* launcher_app_file_name=youtrack
* launcher_console_log_level=INFO
* launcher_log_file_name=youtrack-wrapper.log
* launcher_log_prefix=
* launcher_logs_dir=/opt/youtrack/logs/
* line.separator=

* log4j2.contextSelector=org.apache.logging.log4j.core.selector.BasicContextSelector
* native.encoding=ANSI_X3.4-1968
* org.eclipse.jetty.server.Request.maxFormContentSize=5000000
* org.eclipse.jetty.server.Request.maxFormKeys=10000
* os.arch=amd64
* os.name=Linux
* os.version=5.10.102.1-microsoft-standard-WSL2
* path.separator=:
* root.bundle.logs.dir=/opt/youtrack/logs
* service.youtrack.bundledin=bundleProcess
* sun.arch.data.model=64
* sun.boot.library.path=/opt/youtrack/internal/java/linux-x64/lib
* sun.cpu.endian=little
* sun.font.fontmanager=sun.awt.X11FontManager
* sun.io.unicode.encoding=UnicodeLittle
* sun.java.command=launcher/lib/app-wrapper/youtrack-wrapper.jar AppStarter com.jetbrains.bundle.bootstrap.Bundle
* sun.java.launcher=SUN_STANDARD
* sun.jnu.encoding=ANSI_X3.4-1968
* sun.management.compiler=HotSpot 64-Bit Tiered Compilers
* user.country=US
* user.dir=/opt/youtrack
* user.home=/home/jetbrains
* user.language=en
* user.name=jetbrains
* user.timezone=Etc/UTC
* ### End of System Properties.
* 
* ### Environment variables: 
* FJ_JAVA_EXEC=internal/java/linux-x64/bin/java
* HOME=/home/jetbrains
* HOSTNAME=9a767d804864
* JAVA_HOME=/opt/youtrack/internal/java/linux-x64
* JL_JAVA_PROPERTIES=-Dlauncher.app.home=/opt/youtrack -Dlauncher.app.conf.dir=/opt/youtrack/conf -Djava.awt.headless=true -Dlauncher.app.name=YouTrack
* JL_LAUNCHER_OPTS=-ea -Xmx10m -XX:+HeapDumpOnOutOfMemoryError -XX:+UseSerialGC -Dfile.encoding=UTF-8 -XX:MaxMetaspaceSize=32m
* OLDPWD=/opt/youtrack
* PATH=/usr/local/sbin:/usr/local/bin:/usr/sbin:/usr/bin:/sbin:/bin
* PWD=/opt/youtrack
* SHLVL=0
* _=internal/java/linux-x64/bin/java
* ### End of Environment Variables.
* 
* Output of command [[uname, -a]]: Linux 9a767d804864 5.10.102.1-microsoft-standard-WSL2 #1 SMP Wed Mar 2 00:30:59 UTC 2022 x86_64 GNU/Linux
* Can not execute command [[free]]: Error executing command [free]: Cannot run program "free" (in directory "/opt/youtrack"): error=2, No such file or directory
* Output of command [[df]]: Filesystem     1K-blocks      Used Available Use% Mounted on
overlay        263174212  14208232 235527824   6% /
tmpfs              65536         0     65536   0% /dev
tmpfs            3515476         0   3515476   0% /sys/fs/cgroup
shm                65536         0     65536   0% /dev/shm
/dev/sdd       263174212  14208232 235527824   6% /etc/hosts
drvfs          498799612 469992000  28807612  95% /opt/youtrack/data
tmpfs            3515476         0   3515476   0% /proc/acpi
tmpfs            3515476         0   3515476   0% /sys/firmware
* Output of command [[/bin/sh, -c, ulimit -a]]: time(seconds)        unlimited
file(blocks)         unlimited
data(kbytes)         unlimited
stack(kbytes)        8192
coredump(blocks)     0
memory(kbytes)       unlimited
locked memory(kbytes) 82000
process              unlimited
nofiles              1048576
vmemory(kbytes)      unlimited
locks                unlimited
rtprio               0
* Output of command [[hostname]]: 9a767d804864
* Output of command [[hostname, -f]]: 9a767d804864
* Output of command [[id, -a]]: uid=13001(jetbrains) gid=13001(jetbrains) groups=13001(jetbrains)
